<?xml version="1.0" encoding="UTF-8"?>
<testsuite name="view 루트 컨트롤러" tests="1" skipped="0" failures="0" errors="0" timestamp="2024-03-06T13:53:12" hostname="DESKTOP-CFTF9U4" time="0.018">
  <properties/>
  <testcase name="givenNothing_whenRequestingRootView_thenForwardsToArticleManagementView()" classname="com.fastcampus.adminproject.controller.MainControllerTest" time="0.018"/>
  <system-out><![CDATA[2024-03-06 22:53:09.512  INFO 9924 --- [    Test worker] .b.t.a.w.s.WebMvcTestContextBootstrapper : Neither @ContextConfiguration nor @ContextHierarchy found for test class [com.fastcampus.adminproject.controller.MainControllerTest], using SpringBootContextLoader
2024-03-06 22:53:09.514  INFO 9924 --- [    Test worker] o.s.t.c.support.AbstractContextLoader    : Could not detect default resource locations for test class [com.fastcampus.adminproject.controller.MainControllerTest]: no resource found for suffixes {-context.xml, Context.groovy}.
2024-03-06 22:53:09.515  INFO 9924 --- [    Test worker] t.c.s.AnnotationConfigContextLoaderUtils : Could not detect default configuration classes for test class [com.fastcampus.adminproject.controller.MainControllerTest]: MainControllerTest does not declare any static, non-private, non-final, nested classes annotated with @Configuration.
2024-03-06 22:53:09.524  INFO 9924 --- [    Test worker] .b.t.c.SpringBootTestContextBootstrapper : Found @SpringBootConfiguration com.fastcampus.adminproject.FastcampusAdminProjectApplication for test class com.fastcampus.adminproject.controller.MainControllerTest
2024-03-06 22:53:09.525  INFO 9924 --- [    Test worker] .b.t.a.w.s.WebMvcTestContextBootstrapper : Loaded default TestExecutionListener class names from location [META-INF/spring.factories]: [org.springframework.security.test.context.support.WithSecurityContextTestExecutionListener, org.springframework.security.test.context.support.ReactorContextTestExecutionListener, org.springframework.boot.test.autoconfigure.restdocs.RestDocsTestExecutionListener, org.springframework.boot.test.autoconfigure.web.client.MockRestServiceServerResetTestExecutionListener, org.springframework.boot.test.autoconfigure.web.servlet.MockMvcPrintOnlyOnFailureTestExecutionListener, org.springframework.boot.test.autoconfigure.web.servlet.WebDriverTestExecutionListener, org.springframework.boot.test.autoconfigure.webservices.client.MockWebServiceServerTestExecutionListener, org.springframework.boot.test.mock.mockito.MockitoTestExecutionListener, org.springframework.boot.test.mock.mockito.ResetMocksTestExecutionListener, org.springframework.test.context.web.ServletTestExecutionListener, org.springframework.test.context.support.DirtiesContextBeforeModesTestExecutionListener, org.springframework.test.context.event.ApplicationEventsTestExecutionListener, org.springframework.test.context.support.DependencyInjectionTestExecutionListener, org.springframework.test.context.support.DirtiesContextTestExecutionListener, org.springframework.test.context.transaction.TransactionalTestExecutionListener, org.springframework.test.context.jdbc.SqlScriptsTestExecutionListener, org.springframework.test.context.event.EventPublishingTestExecutionListener]
2024-03-06 22:53:09.527  INFO 9924 --- [    Test worker] .b.t.a.w.s.WebMvcTestContextBootstrapper : Using TestExecutionListeners: [org.springframework.test.context.web.ServletTestExecutionListener@346e62d7, org.springframework.test.context.support.DirtiesContextBeforeModesTestExecutionListener@59d64b60, org.springframework.test.context.event.ApplicationEventsTestExecutionListener@60e72ced, org.springframework.boot.test.mock.mockito.MockitoTestExecutionListener@3d376f28, org.springframework.boot.test.autoconfigure.SpringBootDependencyInjectionTestExecutionListener@7a08da83, org.springframework.test.context.support.DirtiesContextTestExecutionListener@116e03e9, org.springframework.test.context.transaction.TransactionalTestExecutionListener@4837c56d, org.springframework.test.context.jdbc.SqlScriptsTestExecutionListener@4e7fbd6c, org.springframework.security.test.context.support.WithSecurityContextTestExecutionListener@721fbae2, org.springframework.test.context.event.EventPublishingTestExecutionListener@130f8e03, org.springframework.security.test.context.support.ReactorContextTestExecutionListener@65653da2, org.springframework.boot.test.autoconfigure.restdocs.RestDocsTestExecutionListener@56c278bf, org.springframework.boot.test.autoconfigure.web.client.MockRestServiceServerResetTestExecutionListener@5985102f, org.springframework.boot.test.autoconfigure.web.servlet.MockMvcPrintOnlyOnFailureTestExecutionListener@3695e28a, org.springframework.boot.test.autoconfigure.web.servlet.WebDriverTestExecutionListener@7a5151d7, org.springframework.boot.test.autoconfigure.webservices.client.MockWebServiceServerTestExecutionListener@3f13c9a2, org.springframework.boot.test.mock.mockito.ResetMocksTestExecutionListener@4ee6b207]

  .   ____          _            __ _ _
 /\\ / ___'_ __ _ _(_)_ __  __ _ \ \ \ \
( ( )\___ | '_ | '_| | '_ \/ _` | \ \ \ \
 \\/  ___)| |_)| | | | | || (_| |  ) ) ) )
  '  |____| .__|_| |_|_| |_\__, | / / / /
 =========|_|==============|___/=/_/_/_/
 :: Spring Boot ::               (v2.7.14)

2024-03-06 22:53:09.630  INFO 9924 --- [    Test worker] c.f.a.controller.MainControllerTest      : Starting MainControllerTest using Java 17.0.8 on DESKTOP-CFTF9U4 with PID 9924 (started by UserK in C:\project\github\FastCampus-SpringBoot\fastcampus-board-admin-project\board-admin-porject\fastcampus-admin-project)
2024-03-06 22:53:09.631 DEBUG 9924 --- [    Test worker] c.f.a.controller.MainControllerTest      : Running with Spring Boot v2.7.14, Spring v5.3.29
2024-03-06 22:53:09.631  INFO 9924 --- [    Test worker] c.f.a.controller.MainControllerTest      : No active profile set, falling back to 1 default profile: "default"
2024-03-06 22:53:10.428 DEBUG 9924 --- [    Test worker] s.w.s.m.m.a.RequestMappingHandlerMapping : 3 mappings in 'requestMappingHandlerMapping'
2024-03-06 22:53:11.289 DEBUG 9924 --- [    Test worker] o.s.w.s.handler.SimpleUrlHandlerMapping  : Patterns [/webjars/**, /**] in 'resourceHandlerMapping'
2024-03-06 22:53:11.557  INFO 9924 --- [    Test worker] o.s.s.web.DefaultSecurityFilterChain     : Will secure any request with [org.springframework.security.web.session.DisableEncodeUrlFilter@3c6c7782, org.springframework.security.web.context.request.async.WebAsyncManagerIntegrationFilter@7aaf260f, org.springframework.security.web.context.SecurityContextPersistenceFilter@876c4f0, org.springframework.security.web.header.HeaderWriterFilter@7790a6fb, org.springframework.security.web.csrf.CsrfFilter@315a9738, org.springframework.security.web.authentication.logout.LogoutFilter@782b12c9, org.springframework.security.oauth2.client.web.OAuth2AuthorizationRequestRedirectFilter@3cc6bfdb, org.springframework.security.oauth2.client.web.OAuth2LoginAuthenticationFilter@59ea4ca5, org.springframework.security.web.authentication.UsernamePasswordAuthenticationFilter@1cdb4bd3, org.springframework.security.web.authentication.ui.DefaultLoginPageGeneratingFilter@38696886, org.springframework.security.web.authentication.ui.DefaultLogoutPageGeneratingFilter@739e76e6, org.springframework.security.web.savedrequest.RequestCacheAwareFilter@24cb530d, org.springframework.security.web.servletapi.SecurityContextHolderAwareRequestFilter@569e8e11, org.springframework.security.web.authentication.AnonymousAuthenticationFilter@789a9354, org.springframework.security.web.session.SessionManagementFilter@6df06d21, org.springframework.security.web.access.ExceptionTranslationFilter@79aab764, org.springframework.security.web.access.intercept.AuthorizationFilter@29398b59]
2024-03-06 22:53:11.780 DEBUG 9924 --- [    Test worker] s.w.s.m.m.a.RequestMappingHandlerAdapter : ControllerAdvice beans: 1 @ModelAttribute, 0 @InitBinder, 1 RequestBodyAdvice, 1 ResponseBodyAdvice
2024-03-06 22:53:11.833 DEBUG 9924 --- [    Test worker] .m.m.a.ExceptionHandlerExceptionResolver : ControllerAdvice beans: 0 @ExceptionHandler, 1 ResponseBodyAdvice
2024-03-06 22:53:12.074  INFO 9924 --- [    Test worker] o.s.b.t.m.w.SpringBootMockServletContext : Initializing Spring TestDispatcherServlet ''
2024-03-06 22:53:12.074  INFO 9924 --- [    Test worker] o.s.t.web.servlet.TestDispatcherServlet  : Initializing Servlet ''
2024-03-06 22:53:12.075  INFO 9924 --- [    Test worker] o.s.t.web.servlet.TestDispatcherServlet  : Completed initialization in 1 ms
2024-03-06 22:53:12.092  INFO 9924 --- [    Test worker] c.f.a.controller.MainControllerTest      : Started MainControllerTest in 2.56 seconds (JVM running for 90.078)
2024-03-06 22:53:12.108 DEBUG 9924 --- [    Test worker] s.w.s.m.m.a.RequestMappingHandlerMapping : Mapped to com.fastcampus.adminproject.controller.MainController#root()
2024-03-06 22:53:12.110 DEBUG 9924 --- [    Test worker] o.s.w.s.v.ContentNegotiatingViewResolver : Selected '*/*' given [*/*]
2024-03-06 22:53:12.110 DEBUG 9924 --- [    Test worker] o.s.w.servlet.view.InternalResourceView  : View [InternalResourceView], model {visitCount=0}
2024-03-06 22:53:12.112 DEBUG 9924 --- [    Test worker] o.s.w.servlet.view.InternalResourceView  : Forwarding to [/management/articles]
]]></system-out>
  <system-err><![CDATA[]]></system-err>
</testsuite>
