<?xml version="1.0" encoding="UTF-8"?>
<testsuite name="컨트롤러 - 어드민 회원" tests="3" skipped="0" failures="0" errors="0" timestamp="2024-03-06T13:52:56" hostname="DESKTOP-CFTF9U4" time="5.119">
  <properties/>
  <testcase name="[data][DELETE] 어드민 회원 삭제 - 정상 호출" classname="com.fastcampus.adminproject.controller.AdminAccountControllerTest" time="0.516"/>
  <testcase name="[data][GET] 어드민 회원 리스트 - 정상 호출" classname="com.fastcampus.adminproject.controller.AdminAccountControllerTest" time="0.487"/>
  <testcase name="[view][GET] 어드민 회원 페이지 - 정상 호출" classname="com.fastcampus.adminproject.controller.AdminAccountControllerTest" time="4.094"/>
  <system-out><![CDATA[2024-03-06 22:52:44.937  INFO 9924 --- [    Test worker] .b.t.a.w.s.WebMvcTestContextBootstrapper : Neither @ContextConfiguration nor @ContextHierarchy found for test class [com.fastcampus.adminproject.controller.AdminAccountControllerTest], using SpringBootContextLoader
2024-03-06 22:52:44.946  INFO 9924 --- [    Test worker] o.s.t.c.support.AbstractContextLoader    : Could not detect default resource locations for test class [com.fastcampus.adminproject.controller.AdminAccountControllerTest]: no resource found for suffixes {-context.xml, Context.groovy}.
2024-03-06 22:52:44.947  INFO 9924 --- [    Test worker] t.c.s.AnnotationConfigContextLoaderUtils : Could not detect default configuration classes for test class [com.fastcampus.adminproject.controller.AdminAccountControllerTest]: AdminAccountControllerTest does not declare any static, non-private, non-final, nested classes annotated with @Configuration.
2024-03-06 22:52:45.039  INFO 9924 --- [    Test worker] .b.t.c.SpringBootTestContextBootstrapper : Found @SpringBootConfiguration com.fastcampus.adminproject.FastcampusAdminProjectApplication for test class com.fastcampus.adminproject.controller.AdminAccountControllerTest
2024-03-06 22:52:45.040  INFO 9924 --- [    Test worker] .b.t.a.w.s.WebMvcTestContextBootstrapper : Loaded default TestExecutionListener class names from location [META-INF/spring.factories]: [org.springframework.security.test.context.support.WithSecurityContextTestExecutionListener, org.springframework.security.test.context.support.ReactorContextTestExecutionListener, org.springframework.boot.test.autoconfigure.restdocs.RestDocsTestExecutionListener, org.springframework.boot.test.autoconfigure.web.client.MockRestServiceServerResetTestExecutionListener, org.springframework.boot.test.autoconfigure.web.servlet.MockMvcPrintOnlyOnFailureTestExecutionListener, org.springframework.boot.test.autoconfigure.web.servlet.WebDriverTestExecutionListener, org.springframework.boot.test.autoconfigure.webservices.client.MockWebServiceServerTestExecutionListener, org.springframework.boot.test.mock.mockito.MockitoTestExecutionListener, org.springframework.boot.test.mock.mockito.ResetMocksTestExecutionListener, org.springframework.test.context.web.ServletTestExecutionListener, org.springframework.test.context.support.DirtiesContextBeforeModesTestExecutionListener, org.springframework.test.context.event.ApplicationEventsTestExecutionListener, org.springframework.test.context.support.DependencyInjectionTestExecutionListener, org.springframework.test.context.support.DirtiesContextTestExecutionListener, org.springframework.test.context.transaction.TransactionalTestExecutionListener, org.springframework.test.context.jdbc.SqlScriptsTestExecutionListener, org.springframework.test.context.event.EventPublishingTestExecutionListener]
2024-03-06 22:52:45.043  INFO 9924 --- [    Test worker] .b.t.a.w.s.WebMvcTestContextBootstrapper : Using TestExecutionListeners: [org.springframework.test.context.web.ServletTestExecutionListener@34c21c34, org.springframework.test.context.support.DirtiesContextBeforeModesTestExecutionListener@353ac1ef, org.springframework.test.context.event.ApplicationEventsTestExecutionListener@72c8de78, org.springframework.boot.test.mock.mockito.MockitoTestExecutionListener@22912968, org.springframework.boot.test.autoconfigure.SpringBootDependencyInjectionTestExecutionListener@616b2b2, org.springframework.test.context.support.DirtiesContextTestExecutionListener@65402e26, org.springframework.test.context.transaction.TransactionalTestExecutionListener@51cf17e8, org.springframework.test.context.jdbc.SqlScriptsTestExecutionListener@7abeaed0, org.springframework.security.test.context.support.WithSecurityContextTestExecutionListener@490e1017, org.springframework.test.context.event.EventPublishingTestExecutionListener@2ddb260e, org.springframework.security.test.context.support.ReactorContextTestExecutionListener@482040a, org.springframework.boot.test.autoconfigure.restdocs.RestDocsTestExecutionListener@b45e264, org.springframework.boot.test.autoconfigure.web.client.MockRestServiceServerResetTestExecutionListener@3272c5b3, org.springframework.boot.test.autoconfigure.web.servlet.MockMvcPrintOnlyOnFailureTestExecutionListener@466d6ea5, org.springframework.boot.test.autoconfigure.web.servlet.WebDriverTestExecutionListener@52db9036, org.springframework.boot.test.autoconfigure.webservices.client.MockWebServiceServerTestExecutionListener@76a90ecb, org.springframework.boot.test.mock.mockito.ResetMocksTestExecutionListener@52d202f0]

  .   ____          _            __ _ _
 /\\ / ___'_ __ _ _(_)_ __  __ _ \ \ \ \
( ( )\___ | '_ | '_| | '_ \/ _` | \ \ \ \
 \\/  ___)| |_)| | | | | || (_| |  ) ) ) )
  '  |____| .__|_| |_|_| |_\__, | / / / /
 =========|_|==============|___/=/_/_/_/
 :: Spring Boot ::               (v2.7.14)

2024-03-06 22:52:45.183  INFO 9924 --- [    Test worker] c.f.a.c.AdminAccountControllerTest       : Starting AdminAccountControllerTest using Java 17.0.8 on DESKTOP-CFTF9U4 with PID 9924 (started by UserK in C:\project\github\FastCampus-SpringBoot\fastcampus-board-admin-project\board-admin-porject\fastcampus-admin-project)
2024-03-06 22:52:45.183 DEBUG 9924 --- [    Test worker] c.f.a.c.AdminAccountControllerTest       : Running with Spring Boot v2.7.14, Spring v5.3.29
2024-03-06 22:52:45.184  INFO 9924 --- [    Test worker] c.f.a.c.AdminAccountControllerTest       : No active profile set, falling back to 1 default profile: "default"
2024-03-06 22:52:50.551 DEBUG 9924 --- [    Test worker] s.w.s.m.m.a.RequestMappingHandlerMapping : 5 mappings in 'requestMappingHandlerMapping'
2024-03-06 22:52:53.658 DEBUG 9924 --- [    Test worker] o.s.w.s.handler.SimpleUrlHandlerMapping  : Patterns [/webjars/**, /**] in 'resourceHandlerMapping'
2024-03-06 22:52:54.247  INFO 9924 --- [    Test worker] o.s.s.web.DefaultSecurityFilterChain     : Will secure any request with [org.springframework.security.web.session.DisableEncodeUrlFilter@2fb006dc, org.springframework.security.web.context.request.async.WebAsyncManagerIntegrationFilter@1285ec6, org.springframework.security.web.context.SecurityContextPersistenceFilter@62036b05, org.springframework.security.web.header.HeaderWriterFilter@42a057b6, org.springframework.security.web.csrf.CsrfFilter@2251cc2e, org.springframework.security.web.authentication.logout.LogoutFilter@2a01c55, org.springframework.security.oauth2.client.web.OAuth2AuthorizationRequestRedirectFilter@7eeabaf3, org.springframework.security.oauth2.client.web.OAuth2LoginAuthenticationFilter@6f5ae4e1, org.springframework.security.web.authentication.UsernamePasswordAuthenticationFilter@7caa5387, org.springframework.security.web.authentication.ui.DefaultLoginPageGeneratingFilter@43d00636, org.springframework.security.web.authentication.ui.DefaultLogoutPageGeneratingFilter@2abe5132, org.springframework.security.web.savedrequest.RequestCacheAwareFilter@32514766, org.springframework.security.web.servletapi.SecurityContextHolderAwareRequestFilter@720cbb7d, org.springframework.security.web.authentication.AnonymousAuthenticationFilter@12fbc568, org.springframework.security.web.session.SessionManagementFilter@4e1ffe54, org.springframework.security.web.access.ExceptionTranslationFilter@61563a91, org.springframework.security.web.access.intercept.AuthorizationFilter@5642cd03]
2024-03-06 22:52:54.476 DEBUG 9924 --- [    Test worker] s.w.s.m.m.a.RequestMappingHandlerAdapter : ControllerAdvice beans: 1 @ModelAttribute, 0 @InitBinder, 1 RequestBodyAdvice, 1 ResponseBodyAdvice
2024-03-06 22:52:54.526 DEBUG 9924 --- [    Test worker] .m.m.a.ExceptionHandlerExceptionResolver : ControllerAdvice beans: 0 @ExceptionHandler, 1 ResponseBodyAdvice
2024-03-06 22:52:56.525  INFO 9924 --- [    Test worker] o.s.b.t.m.w.SpringBootMockServletContext : Initializing Spring TestDispatcherServlet ''
2024-03-06 22:52:56.526  INFO 9924 --- [    Test worker] o.s.t.web.servlet.TestDispatcherServlet  : Initializing Servlet ''
2024-03-06 22:52:56.527  INFO 9924 --- [    Test worker] o.s.t.web.servlet.TestDispatcherServlet  : Completed initialization in 1 ms
2024-03-06 22:52:56.649  INFO 9924 --- [    Test worker] c.f.a.c.AdminAccountControllerTest       : Started AdminAccountControllerTest in 11.586 seconds (JVM running for 74.635)
2024-03-06 22:52:57.027 DEBUG 9924 --- [    Test worker] s.w.s.m.m.a.RequestMappingHandlerMapping : Mapped to com.fastcampus.adminproject.controller.AdminAccountController#delete(String)
2024-03-06 22:52:57.044 DEBUG 9924 --- [    Test worker] s.w.s.m.m.a.RequestMappingHandlerMapping : Mapped to com.fastcampus.adminproject.controller.AdminAccountController#delete(String)
2024-03-06 22:52:57.215 DEBUG 9924 --- [    Test worker] s.w.s.m.m.a.RequestMappingHandlerMapping : Mapped to com.fastcampus.adminproject.controller.AdminAccountController#getMembers()
2024-03-06 22:52:57.328 DEBUG 9924 --- [    Test worker] m.m.a.RequestResponseBodyMethodProcessor : Using 'application/json', given [*/*] and supported [application/json, application/*+json, application/json, application/*+json]
2024-03-06 22:52:57.333 DEBUG 9924 --- [    Test worker] m.m.a.RequestResponseBodyMethodProcessor : Writing [[]]
2024-03-06 22:52:57.782 DEBUG 9924 --- [    Test worker] s.w.s.m.m.a.RequestMappingHandlerMapping : Mapped to com.fastcampus.adminproject.controller.AdminAccountController#members()
2024-03-06 22:52:58.870 DEBUG 9924 --- [    Test worker] o.s.w.s.v.ContentNegotiatingViewResolver : Selected '*/*' given [*/*]
]]></system-out>
  <system-err><![CDATA[]]></system-err>
</testsuite>
