<?xml version="1.0" encoding="UTF-8"?>
<testsuite name="API mocking 테스트" tests="3" skipped="0" failures="0" errors="0" timestamp="2024-03-06T13:53:20" hostname="DESKTOP-CFTF9U4" time="0.079">
  <properties/>
  <testcase name="게시글 ID와 함께 게시글 API을 호출하면, 게시글을 가져온다." classname="com.fastcampus.adminproject.service.ArticleManagementServiceTest$RestTemplateTest" time="0.047"/>
  <testcase name="게시글 목록 API를 호출하면, 게시글들을 가져온다." classname="com.fastcampus.adminproject.service.ArticleManagementServiceTest$RestTemplateTest" time="0.021"/>
  <testcase name="게시글 ID와 함께 게시글 삭제 API을 호출하면, 게시글을 삭제한다." classname="com.fastcampus.adminproject.service.ArticleManagementServiceTest$RestTemplateTest" time="0.005"/>
  <system-out><![CDATA[2024-03-06 22:53:20.327  INFO 9924 --- [    Test worker] .a.w.c.RestClientTestContextBootstrapper : Neither @ContextConfiguration nor @ContextHierarchy found for test class [com.fastcampus.adminproject.service.ArticleManagementServiceTest$RestTemplateTest], using SpringBootContextLoader
2024-03-06 22:53:20.329  INFO 9924 --- [    Test worker] o.s.t.c.support.AbstractContextLoader    : Could not detect default resource locations for test class [com.fastcampus.adminproject.service.ArticleManagementServiceTest$RestTemplateTest]: no resource found for suffixes {-context.xml, Context.groovy}.
2024-03-06 22:53:20.329  INFO 9924 --- [    Test worker] t.c.s.AnnotationConfigContextLoaderUtils : Could not detect default configuration classes for test class [com.fastcampus.adminproject.service.ArticleManagementServiceTest$RestTemplateTest]: RestTemplateTest does not declare any static, non-private, non-final, nested classes annotated with @Configuration.
2024-03-06 22:53:20.339  INFO 9924 --- [    Test worker] .b.t.c.SpringBootTestContextBootstrapper : Found @SpringBootConfiguration com.fastcampus.adminproject.FastcampusAdminProjectApplication for test class com.fastcampus.adminproject.service.ArticleManagementServiceTest$RestTemplateTest
2024-03-06 22:53:20.343  INFO 9924 --- [    Test worker] .a.w.c.RestClientTestContextBootstrapper : Loaded default TestExecutionListener class names from location [META-INF/spring.factories]: [org.springframework.security.test.context.support.WithSecurityContextTestExecutionListener, org.springframework.security.test.context.support.ReactorContextTestExecutionListener, org.springframework.boot.test.autoconfigure.restdocs.RestDocsTestExecutionListener, org.springframework.boot.test.autoconfigure.web.client.MockRestServiceServerResetTestExecutionListener, org.springframework.boot.test.autoconfigure.web.servlet.MockMvcPrintOnlyOnFailureTestExecutionListener, org.springframework.boot.test.autoconfigure.web.servlet.WebDriverTestExecutionListener, org.springframework.boot.test.autoconfigure.webservices.client.MockWebServiceServerTestExecutionListener, org.springframework.boot.test.mock.mockito.MockitoTestExecutionListener, org.springframework.boot.test.mock.mockito.ResetMocksTestExecutionListener, org.springframework.test.context.web.ServletTestExecutionListener, org.springframework.test.context.support.DirtiesContextBeforeModesTestExecutionListener, org.springframework.test.context.event.ApplicationEventsTestExecutionListener, org.springframework.test.context.support.DependencyInjectionTestExecutionListener, org.springframework.test.context.support.DirtiesContextTestExecutionListener, org.springframework.test.context.transaction.TransactionalTestExecutionListener, org.springframework.test.context.jdbc.SqlScriptsTestExecutionListener, org.springframework.test.context.event.EventPublishingTestExecutionListener]
2024-03-06 22:53:20.345  INFO 9924 --- [    Test worker] .a.w.c.RestClientTestContextBootstrapper : Using TestExecutionListeners: [org.springframework.test.context.web.ServletTestExecutionListener@239c4792, org.springframework.test.context.support.DirtiesContextBeforeModesTestExecutionListener@598acf89, org.springframework.test.context.event.ApplicationEventsTestExecutionListener@150ba838, org.springframework.boot.test.mock.mockito.MockitoTestExecutionListener@198b4fb6, org.springframework.boot.test.autoconfigure.SpringBootDependencyInjectionTestExecutionListener@58ea2bc2, org.springframework.test.context.support.DirtiesContextTestExecutionListener@579351d1, org.springframework.test.context.transaction.TransactionalTestExecutionListener@1f116973, org.springframework.test.context.jdbc.SqlScriptsTestExecutionListener@5c2463d8, org.springframework.security.test.context.support.WithSecurityContextTestExecutionListener@5599f7a5, org.springframework.test.context.event.EventPublishingTestExecutionListener@18c9291e, org.springframework.security.test.context.support.ReactorContextTestExecutionListener@c079185, org.springframework.boot.test.autoconfigure.restdocs.RestDocsTestExecutionListener@73c2097e, org.springframework.boot.test.autoconfigure.web.client.MockRestServiceServerResetTestExecutionListener@69fcec7c, org.springframework.boot.test.autoconfigure.web.servlet.MockMvcPrintOnlyOnFailureTestExecutionListener@38aca984, org.springframework.boot.test.autoconfigure.web.servlet.WebDriverTestExecutionListener@8179cad, org.springframework.boot.test.autoconfigure.webservices.client.MockWebServiceServerTestExecutionListener@6b7ded28, org.springframework.boot.test.mock.mockito.ResetMocksTestExecutionListener@65ec6337]

  .   ____          _            __ _ _
 /\\ / ___'_ __ _ _(_)_ __  __ _ \ \ \ \
( ( )\___ | '_ | '_| | '_ \/ _` | \ \ \ \
 \\/  ___)| |_)| | | | | || (_| |  ) ) ) )
  '  |____| .__|_| |_|_| |_\__, | / / / /
 =========|_|==============|___/=/_/_/_/
 :: Spring Boot ::               (v2.7.14)

2024-03-06 22:53:20.404  INFO 9924 --- [    Test worker] leManagementServiceTest$RestTemplateTest : Starting ArticleManagementServiceTest.RestTemplateTest using Java 17.0.8 on DESKTOP-CFTF9U4 with PID 9924 (started by UserK in C:\project\github\FastCampus-SpringBoot\fastcampus-board-admin-project\board-admin-porject\fastcampus-admin-project)
2024-03-06 22:53:20.404 DEBUG 9924 --- [    Test worker] leManagementServiceTest$RestTemplateTest : Running with Spring Boot v2.7.14, Spring v5.3.29
2024-03-06 22:53:20.404  INFO 9924 --- [    Test worker] leManagementServiceTest$RestTemplateTest : The following 1 profile is active: "test"
2024-03-06 22:53:20.823  INFO 9924 --- [    Test worker] leManagementServiceTest$RestTemplateTest : Started ArticleManagementServiceTest.RestTemplateTest in 0.475 seconds (JVM running for 98.809)
2024-03-06 22:53:20.838 DEBUG 9924 --- [    Test worker] o.s.web.client.RestTemplate              : HTTP GET http://localhost:8080/api/articles/1?projection=withUserAccount
2024-03-06 22:53:20.871 DEBUG 9924 --- [    Test worker] o.s.web.client.RestTemplate              : Accept=[application/json, application/*+json]
2024-03-06 22:53:20.871 DEBUG 9924 --- [    Test worker] o.s.web.client.RestTemplate              : Response 200 OK
2024-03-06 22:53:20.871 DEBUG 9924 --- [    Test worker] o.s.web.client.RestTemplate              : Reading to [com.fastcampus.adminproject.dto.ArticleDto]
2024-03-06 22:53:20.893 DEBUG 9924 --- [    Test worker] o.s.web.client.RestTemplate              : HTTP GET http://localhost:8080/api/articles?size=10000
2024-03-06 22:53:20.900 DEBUG 9924 --- [    Test worker] o.s.web.client.RestTemplate              : Accept=[application/json, application/*+json]
2024-03-06 22:53:20.900 DEBUG 9924 --- [    Test worker] o.s.web.client.RestTemplate              : Response 200 OK
2024-03-06 22:53:20.901 DEBUG 9924 --- [    Test worker] o.s.web.client.RestTemplate              : Reading to [com.fastcampus.adminproject.dto.response.ArticleClientResponse]
2024-03-06 22:53:20.907 DEBUG 9924 --- [    Test worker] o.s.web.client.RestTemplate              : HTTP DELETE http://localhost:8080/api/articles/1
2024-03-06 22:53:20.908 DEBUG 9924 --- [    Test worker] o.s.web.client.RestTemplate              : Response 200 OK
]]></system-out>
  <system-err><![CDATA[]]></system-err>
</testsuite>
