<?xml version="1.0" encoding="UTF-8"?>
<testsuite name="API mocking 테스트" tests="3" skipped="0" failures="0" errors="0" timestamp="2024-03-06T13:53:21" hostname="DESKTOP-CFTF9U4" time="0.05">
  <properties/>
  <testcase name="회원 ID와 함께 회원 API을 호출하면, 회원을 가져온다." classname="com.fastcampus.adminproject.service.UserAccountManagementServiceTest$RestTemplateTest" time="0.016"/>
  <testcase name="회원 ID와 함께 회원 삭제 API을 호출하면, 회원을 삭제한다." classname="com.fastcampus.adminproject.service.UserAccountManagementServiceTest$RestTemplateTest" time="0.006"/>
  <testcase name="회원 목록 API을 호출하면, 회원들을 가져온다." classname="com.fastcampus.adminproject.service.UserAccountManagementServiceTest$RestTemplateTest" time="0.018"/>
  <system-out><![CDATA[2024-03-06 22:53:20.916  INFO 9924 --- [    Test worker] .a.w.c.RestClientTestContextBootstrapper : Neither @ContextConfiguration nor @ContextHierarchy found for test class [com.fastcampus.adminproject.service.UserAccountManagementServiceTest$RestTemplateTest], using SpringBootContextLoader
2024-03-06 22:53:20.918  INFO 9924 --- [    Test worker] o.s.t.c.support.AbstractContextLoader    : Could not detect default resource locations for test class [com.fastcampus.adminproject.service.UserAccountManagementServiceTest$RestTemplateTest]: no resource found for suffixes {-context.xml, Context.groovy}.
2024-03-06 22:53:20.918  INFO 9924 --- [    Test worker] t.c.s.AnnotationConfigContextLoaderUtils : Could not detect default configuration classes for test class [com.fastcampus.adminproject.service.UserAccountManagementServiceTest$RestTemplateTest]: RestTemplateTest does not declare any static, non-private, non-final, nested classes annotated with @Configuration.
2024-03-06 22:53:20.928  INFO 9924 --- [    Test worker] .b.t.c.SpringBootTestContextBootstrapper : Found @SpringBootConfiguration com.fastcampus.adminproject.FastcampusAdminProjectApplication for test class com.fastcampus.adminproject.service.UserAccountManagementServiceTest$RestTemplateTest
2024-03-06 22:53:20.928  INFO 9924 --- [    Test worker] .a.w.c.RestClientTestContextBootstrapper : Loaded default TestExecutionListener class names from location [META-INF/spring.factories]: [org.springframework.security.test.context.support.WithSecurityContextTestExecutionListener, org.springframework.security.test.context.support.ReactorContextTestExecutionListener, org.springframework.boot.test.autoconfigure.restdocs.RestDocsTestExecutionListener, org.springframework.boot.test.autoconfigure.web.client.MockRestServiceServerResetTestExecutionListener, org.springframework.boot.test.autoconfigure.web.servlet.MockMvcPrintOnlyOnFailureTestExecutionListener, org.springframework.boot.test.autoconfigure.web.servlet.WebDriverTestExecutionListener, org.springframework.boot.test.autoconfigure.webservices.client.MockWebServiceServerTestExecutionListener, org.springframework.boot.test.mock.mockito.MockitoTestExecutionListener, org.springframework.boot.test.mock.mockito.ResetMocksTestExecutionListener, org.springframework.test.context.web.ServletTestExecutionListener, org.springframework.test.context.support.DirtiesContextBeforeModesTestExecutionListener, org.springframework.test.context.event.ApplicationEventsTestExecutionListener, org.springframework.test.context.support.DependencyInjectionTestExecutionListener, org.springframework.test.context.support.DirtiesContextTestExecutionListener, org.springframework.test.context.transaction.TransactionalTestExecutionListener, org.springframework.test.context.jdbc.SqlScriptsTestExecutionListener, org.springframework.test.context.event.EventPublishingTestExecutionListener]
2024-03-06 22:53:20.930  INFO 9924 --- [    Test worker] .a.w.c.RestClientTestContextBootstrapper : Using TestExecutionListeners: [org.springframework.test.context.web.ServletTestExecutionListener@4433e4e2, org.springframework.test.context.support.DirtiesContextBeforeModesTestExecutionListener@1bdaa13c, org.springframework.test.context.event.ApplicationEventsTestExecutionListener@77d01d83, org.springframework.boot.test.mock.mockito.MockitoTestExecutionListener@ff18823, org.springframework.boot.test.autoconfigure.SpringBootDependencyInjectionTestExecutionListener@543e79cb, org.springframework.test.context.support.DirtiesContextTestExecutionListener@1a23e131, org.springframework.test.context.transaction.TransactionalTestExecutionListener@6d68cbf3, org.springframework.test.context.jdbc.SqlScriptsTestExecutionListener@6edbf6ed, org.springframework.security.test.context.support.WithSecurityContextTestExecutionListener@498c3adc, org.springframework.test.context.event.EventPublishingTestExecutionListener@4c2370b5, org.springframework.security.test.context.support.ReactorContextTestExecutionListener@67bf0d91, org.springframework.boot.test.autoconfigure.restdocs.RestDocsTestExecutionListener@56e2f315, org.springframework.boot.test.autoconfigure.web.client.MockRestServiceServerResetTestExecutionListener@7e9079cf, org.springframework.boot.test.autoconfigure.web.servlet.MockMvcPrintOnlyOnFailureTestExecutionListener@29e10870, org.springframework.boot.test.autoconfigure.web.servlet.WebDriverTestExecutionListener@36ad4b58, org.springframework.boot.test.autoconfigure.webservices.client.MockWebServiceServerTestExecutionListener@77966cc3, org.springframework.boot.test.mock.mockito.ResetMocksTestExecutionListener@a353dff]

  .   ____          _            __ _ _
 /\\ / ___'_ __ _ _(_)_ __  __ _ \ \ \ \
( ( )\___ | '_ | '_| | '_ \/ _` | \ \ \ \
 \\/  ___)| |_)| | | | | || (_| |  ) ) ) )
  '  |____| .__|_| |_|_| |_\__, | / / / /
 =========|_|==============|___/=/_/_/_/
 :: Spring Boot ::               (v2.7.14)

2024-03-06 22:53:21.016  INFO 9924 --- [    Test worker] ntManagementServiceTest$RestTemplateTest : Starting UserAccountManagementServiceTest.RestTemplateTest using Java 17.0.8 on DESKTOP-CFTF9U4 with PID 9924 (started by UserK in C:\project\github\FastCampus-SpringBoot\fastcampus-board-admin-project\board-admin-porject\fastcampus-admin-project)
2024-03-06 22:53:21.016 DEBUG 9924 --- [    Test worker] ntManagementServiceTest$RestTemplateTest : Running with Spring Boot v2.7.14, Spring v5.3.29
2024-03-06 22:53:21.017  INFO 9924 --- [    Test worker] ntManagementServiceTest$RestTemplateTest : The following 1 profile is active: "test"
2024-03-06 22:53:21.381  INFO 9924 --- [    Test worker] ntManagementServiceTest$RestTemplateTest : Started UserAccountManagementServiceTest.RestTemplateTest in 0.447 seconds (JVM running for 99.367)
2024-03-06 22:53:21.391 DEBUG 9924 --- [    Test worker] o.s.web.client.RestTemplate              : HTTP GET http://localhost:8080/api/userAccounts/uno
2024-03-06 22:53:21.395 DEBUG 9924 --- [    Test worker] o.s.web.client.RestTemplate              : Accept=[application/json, application/*+json]
2024-03-06 22:53:21.395 DEBUG 9924 --- [    Test worker] o.s.web.client.RestTemplate              : Response 200 OK
2024-03-06 22:53:21.395 DEBUG 9924 --- [    Test worker] o.s.web.client.RestTemplate              : Reading to [com.fastcampus.adminproject.dto.UserAccountDto]
2024-03-06 22:53:21.413 DEBUG 9924 --- [    Test worker] o.s.web.client.RestTemplate              : HTTP DELETE http://localhost:8080/api/userAccounts/uno
2024-03-06 22:53:21.414 DEBUG 9924 --- [    Test worker] o.s.web.client.RestTemplate              : Response 200 OK
2024-03-06 22:53:21.427 DEBUG 9924 --- [    Test worker] o.s.web.client.RestTemplate              : HTTP GET http://localhost:8080/api/userAccounts?size=10000
2024-03-06 22:53:21.434 DEBUG 9924 --- [    Test worker] o.s.web.client.RestTemplate              : Accept=[application/json, application/*+json]
2024-03-06 22:53:21.434 DEBUG 9924 --- [    Test worker] o.s.web.client.RestTemplate              : Response 200 OK
2024-03-06 22:53:21.434 DEBUG 9924 --- [    Test worker] o.s.web.client.RestTemplate              : Reading to [com.fastcampus.adminproject.dto.response.UserAccountClientResponse]
]]></system-out>
  <system-err><![CDATA[]]></system-err>
</testsuite>
