<?xml version="1.0" encoding="UTF-8"?>
<testsuite name="JPA 연결 테스트" tests="4" skipped="0" failures="0" errors="0" timestamp="2024-03-06T13:53:15" hostname="DESKTOP-CFTF9U4" time="0.904">
  <properties/>
  <testcase name="회원 정보 delete 테스트" classname="com.fastcampus.adminproject.repository.JpaRepositoryTest" time="0.674"/>
  <testcase name="회원 정보 insert 테스트" classname="com.fastcampus.adminproject.repository.JpaRepositoryTest" time="0.119"/>
  <testcase name="회원 정보 update 테스트" classname="com.fastcampus.adminproject.repository.JpaRepositoryTest" time="0.026"/>
  <testcase name="회원 정보 select 테스트" classname="com.fastcampus.adminproject.repository.JpaRepositoryTest" time="0.08"/>
  <system-out><![CDATA[2024-03-06 22:53:14.603  INFO 9924 --- [    Test worker] b.t.a.o.j.DataJpaTestContextBootstrapper : Neither @ContextConfiguration nor @ContextHierarchy found for test class [com.fastcampus.adminproject.repository.JpaRepositoryTest], using SpringBootContextLoader
2024-03-06 22:53:14.605  INFO 9924 --- [    Test worker] o.s.t.c.support.AbstractContextLoader    : Could not detect default resource locations for test class [com.fastcampus.adminproject.repository.JpaRepositoryTest]: no resource found for suffixes {-context.xml, Context.groovy}.
2024-03-06 22:53:14.640  INFO 9924 --- [    Test worker] .b.t.c.SpringBootTestContextBootstrapper : Found @SpringBootConfiguration com.fastcampus.adminproject.FastcampusAdminProjectApplication for test class com.fastcampus.adminproject.repository.JpaRepositoryTest
2024-03-06 22:53:14.641  INFO 9924 --- [    Test worker] b.t.a.o.j.DataJpaTestContextBootstrapper : Loaded default TestExecutionListener class names from location [META-INF/spring.factories]: [org.springframework.security.test.context.support.WithSecurityContextTestExecutionListener, org.springframework.security.test.context.support.ReactorContextTestExecutionListener, org.springframework.boot.test.autoconfigure.restdocs.RestDocsTestExecutionListener, org.springframework.boot.test.autoconfigure.web.client.MockRestServiceServerResetTestExecutionListener, org.springframework.boot.test.autoconfigure.web.servlet.MockMvcPrintOnlyOnFailureTestExecutionListener, org.springframework.boot.test.autoconfigure.web.servlet.WebDriverTestExecutionListener, org.springframework.boot.test.autoconfigure.webservices.client.MockWebServiceServerTestExecutionListener, org.springframework.boot.test.mock.mockito.MockitoTestExecutionListener, org.springframework.boot.test.mock.mockito.ResetMocksTestExecutionListener, org.springframework.test.context.web.ServletTestExecutionListener, org.springframework.test.context.support.DirtiesContextBeforeModesTestExecutionListener, org.springframework.test.context.event.ApplicationEventsTestExecutionListener, org.springframework.test.context.support.DependencyInjectionTestExecutionListener, org.springframework.test.context.support.DirtiesContextTestExecutionListener, org.springframework.test.context.transaction.TransactionalTestExecutionListener, org.springframework.test.context.jdbc.SqlScriptsTestExecutionListener, org.springframework.test.context.event.EventPublishingTestExecutionListener]
2024-03-06 22:53:14.643  INFO 9924 --- [    Test worker] b.t.a.o.j.DataJpaTestContextBootstrapper : Using TestExecutionListeners: [org.springframework.test.context.web.ServletTestExecutionListener@3c799d53, org.springframework.test.context.support.DirtiesContextBeforeModesTestExecutionListener@66ed4881, org.springframework.test.context.event.ApplicationEventsTestExecutionListener@578f8288, org.springframework.boot.test.mock.mockito.MockitoTestExecutionListener@16f52d68, org.springframework.boot.test.autoconfigure.SpringBootDependencyInjectionTestExecutionListener@6616b9e0, org.springframework.test.context.support.DirtiesContextTestExecutionListener@6ab35ce3, org.springframework.test.context.transaction.TransactionalTestExecutionListener@410308ff, org.springframework.test.context.jdbc.SqlScriptsTestExecutionListener@7e22f3da, org.springframework.security.test.context.support.WithSecurityContextTestExecutionListener@2d288c47, org.springframework.test.context.event.EventPublishingTestExecutionListener@5d8c9945, org.springframework.security.test.context.support.ReactorContextTestExecutionListener@49136fb, org.springframework.boot.test.autoconfigure.restdocs.RestDocsTestExecutionListener@6dc4b990, org.springframework.boot.test.autoconfigure.web.client.MockRestServiceServerResetTestExecutionListener@4e74adb, org.springframework.boot.test.autoconfigure.web.servlet.MockMvcPrintOnlyOnFailureTestExecutionListener@3d18bdb3, org.springframework.boot.test.autoconfigure.web.servlet.WebDriverTestExecutionListener@30336205, org.springframework.boot.test.autoconfigure.webservices.client.MockWebServiceServerTestExecutionListener@787345aa, org.springframework.boot.test.mock.mockito.ResetMocksTestExecutionListener@46fc79ed]

  .   ____          _            __ _ _
 /\\ / ___'_ __ _ _(_)_ __  __ _ \ \ \ \
( ( )\___ | '_ | '_| | '_ \/ _` | \ \ \ \
 \\/  ___)| |_)| | | | | || (_| |  ) ) ) )
  '  |____| .__|_| |_|_| |_\__, | / / / /
 =========|_|==============|___/=/_/_/_/
 :: Spring Boot ::               (v2.7.14)

2024-03-06 22:53:14.719  INFO 9924 --- [    Test worker] c.f.a.repository.JpaRepositoryTest       : Starting JpaRepositoryTest using Java 17.0.8 on DESKTOP-CFTF9U4 with PID 9924 (started by UserK in C:\project\github\FastCampus-SpringBoot\fastcampus-board-admin-project\board-admin-porject\fastcampus-admin-project)
2024-03-06 22:53:14.720 DEBUG 9924 --- [    Test worker] c.f.a.repository.JpaRepositoryTest       : Running with Spring Boot v2.7.14, Spring v5.3.29
2024-03-06 22:53:14.720  INFO 9924 --- [    Test worker] c.f.a.repository.JpaRepositoryTest       : No active profile set, falling back to 1 default profile: "default"
2024-03-06 22:53:14.969  INFO 9924 --- [    Test worker] .s.d.r.c.RepositoryConfigurationDelegate : Bootstrapping Spring Data JPA repositories in DEFAULT mode.
2024-03-06 22:53:15.029  INFO 9924 --- [    Test worker] .s.d.r.c.RepositoryConfigurationDelegate : Finished Spring Data repository scanning in 58 ms. Found 1 JPA repository interfaces.
2024-03-06 22:53:15.058  INFO 9924 --- [    Test worker] beddedDataSourceBeanFactoryPostProcessor : Replacing 'dataSource' DataSource bean with embedded version
2024-03-06 22:53:15.185  INFO 9924 --- [    Test worker] o.s.j.d.e.EmbeddedDatabaseFactory        : Starting embedded database: url='jdbc:h2:mem:1f5b405c-9788-44e8-8472-e34c934ab36f;DB_CLOSE_DELAY=-1;DB_CLOSE_ON_EXIT=false', username='sa'
2024-03-06 22:53:15.279  INFO 9924 --- [    Test worker] o.hibernate.jpa.internal.util.LogHelper  : HHH000204: Processing PersistenceUnitInfo [name: default]
2024-03-06 22:53:15.311  INFO 9924 --- [    Test worker] org.hibernate.dialect.Dialect            : HHH000400: Using dialect: org.hibernate.dialect.H2Dialect
Hibernate: 
    
    drop table if exists admin_account CASCADE 
Hibernate: 
    
    create table admin_account (
       user_id varchar(50) not null,
        created_at timestamp not null,
        created_by varchar(100) not null,
        modified_at timestamp not null,
        modified_by varchar(100) not null,
        email varchar(100),
        memo varchar(255),
        nickname varchar(100),
        role_types varchar(255) not null,
        user_password varchar(255) not null,
        primary key (user_id)
    )
Hibernate: create index IDX9s9itnot0jlus8625gvy1cjbf on admin_account (created_at)
Hibernate: create index IDXtaa4epa89gam69kndkdbeabeb on admin_account (created_by)
Hibernate: 
    
    alter table admin_account 
       add constraint UK1bccthl9m3jrwpbwtc3iihk4i unique (email)
2024-03-06 22:53:15.408  INFO 9924 --- [    Test worker] o.h.e.t.j.p.i.JtaPlatformInitiator       : HHH000490: Using JtaPlatform implementation: [org.hibernate.engine.transaction.jta.platform.internal.NoJtaPlatform]
2024-03-06 22:53:15.408  INFO 9924 --- [    Test worker] j.LocalContainerEntityManagerFactoryBean : Initialized JPA EntityManagerFactory for persistence unit 'default'
2024-03-06 22:53:15.743  INFO 9924 --- [    Test worker] c.f.a.repository.JpaRepositoryTest       : Started JpaRepositoryTest in 1.094 seconds (JVM running for 93.728)
2024-03-06 22:53:15.821  INFO 9924 --- [    Test worker] o.s.t.c.transaction.TransactionContext   : Began transaction (1) for test context [DefaultTestContext@6790aad2 testClass = JpaRepositoryTest, testInstance = com.fastcampus.adminproject.repository.JpaRepositoryTest@1e418480, testMethod = givenAdminAccount_whenDeleting_thenWorksFine@JpaRepositoryTest, testException = [null], mergedContextConfiguration = [MergedContextConfiguration@7e452d2b testClass = JpaRepositoryTest, locations = '{}', classes = '{class com.fastcampus.adminproject.FastcampusAdminProjectApplication, class com.fastcampus.adminproject.repository.JpaRepositoryTest$TestJpaConfig}', contextInitializerClasses = '[]', activeProfiles = '{}', propertySourceLocations = '{}', propertySourceProperties = '{org.springframework.boot.test.autoconfigure.orm.jpa.DataJpaTestContextBootstrapper=true}', contextCustomizers = set[org.springframework.boot.test.autoconfigure.OverrideAutoConfigurationContextCustomizerFactory$DisableAutoConfigurationContextCustomizer@5b1ebbe, org.springframework.boot.test.autoconfigure.actuate.metrics.MetricsExportContextCustomizerFactory$DisableMetricExportContextCustomizer@555cf22, org.springframework.boot.test.autoconfigure.filter.TypeExcludeFiltersContextCustomizer@351584c0, org.springframework.boot.test.autoconfigure.properties.PropertyMappingContextCustomizer@b0b24fe0, org.springframework.boot.test.autoconfigure.web.servlet.WebDriverContextCustomizerFactory$Customizer@349c1daf, [ImportsContextCustomizer@37a1ac0 key = [org.springframework.boot.autoconfigure.cache.CacheAutoConfiguration, org.springframework.boot.autoconfigure.data.jpa.JpaRepositoriesAutoConfiguration, org.springframework.boot.autoconfigure.flyway.FlywayAutoConfiguration, org.springframework.boot.autoconfigure.jdbc.DataSourceAutoConfiguration, org.springframework.boot.autoconfigure.jdbc.DataSourceTransactionManagerAutoConfiguration, org.springframework.boot.autoconfigure.jdbc.JdbcTemplateAutoConfiguration, org.springframework.boot.autoconfigure.liquibase.LiquibaseAutoConfiguration, org.springframework.boot.autoconfigure.orm.jpa.HibernateJpaAutoConfiguration, org.springframework.boot.autoconfigure.sql.init.SqlInitializationAutoConfiguration, org.springframework.boot.autoconfigure.transaction.TransactionAutoConfiguration, org.springframework.boot.test.autoconfigure.jdbc.TestDatabaseAutoConfiguration, org.springframework.boot.test.autoconfigure.orm.jpa.TestEntityManagerAutoConfiguration, com.fastcampus.adminproject.repository.JpaRepositoryTest$TestJpaConfig]], org.springframework.boot.test.context.filter.ExcludeFilterContextCustomizer@5e8ac0e1, org.springframework.boot.test.json.DuplicateJsonObjectContextCustomizerFactory$DuplicateJsonObjectContextCustomizer@5f7b97da, org.springframework.boot.test.mock.mockito.MockitoContextCustomizer@0, org.springframework.boot.test.context.SpringBootTestArgs@1, org.springframework.boot.test.context.SpringBootTestWebEnvironment@0], contextLoader = 'org.springframework.boot.test.context.SpringBootContextLoader', parent = [null]], attributes = map['org.springframework.test.context.event.ApplicationEventsTestExecutionListener.recordApplicationEvents' -> false]]; transaction manager [org.springframework.orm.jpa.JpaTransactionManager@3defab32]; rollback [true]
Hibernate: 
    select
        count(*) as col_0_0_ 
    from
        admin_account adminaccou0_
Hibernate: 
    select
        adminaccou0_.user_id as user_id1_0_0_,
        adminaccou0_.created_at as created_2_0_0_,
        adminaccou0_.created_by as created_3_0_0_,
        adminaccou0_.modified_at as modified4_0_0_,
        adminaccou0_.modified_by as modified5_0_0_,
        adminaccou0_.email as email6_0_0_,
        adminaccou0_.memo as memo7_0_0_,
        adminaccou0_.nickname as nickname8_0_0_,
        adminaccou0_.role_types as role_typ9_0_0_,
        adminaccou0_.user_password as user_pa10_0_0_ 
    from
        admin_account adminaccou0_ 
    where
        adminaccou0_.user_id=?
2024-03-06 22:53:16.323 TRACE 9924 --- [    Test worker] o.h.type.descriptor.sql.BasicBinder      : binding parameter [1] as [VARCHAR] - [uno]
Hibernate: 
    delete 
    from
        admin_account 
    where
        user_id=?
2024-03-06 22:53:16.401 TRACE 9924 --- [    Test worker] o.h.type.descriptor.sql.BasicBinder      : binding parameter [1] as [VARCHAR] - [uno]
Hibernate: 
    select
        count(*) as col_0_0_ 
    from
        admin_account adminaccou0_
2024-03-06 22:53:16.421  INFO 9924 --- [    Test worker] o.s.t.c.transaction.TransactionContext   : Rolled back transaction for test: [DefaultTestContext@6790aad2 testClass = JpaRepositoryTest, testInstance = com.fastcampus.adminproject.repository.JpaRepositoryTest@1e418480, testMethod = givenAdminAccount_whenDeleting_thenWorksFine@JpaRepositoryTest, testException = [null], mergedContextConfiguration = [MergedContextConfiguration@7e452d2b testClass = JpaRepositoryTest, locations = '{}', classes = '{class com.fastcampus.adminproject.FastcampusAdminProjectApplication, class com.fastcampus.adminproject.repository.JpaRepositoryTest$TestJpaConfig}', contextInitializerClasses = '[]', activeProfiles = '{}', propertySourceLocations = '{}', propertySourceProperties = '{org.springframework.boot.test.autoconfigure.orm.jpa.DataJpaTestContextBootstrapper=true}', contextCustomizers = set[org.springframework.boot.test.autoconfigure.OverrideAutoConfigurationContextCustomizerFactory$DisableAutoConfigurationContextCustomizer@5b1ebbe, org.springframework.boot.test.autoconfigure.actuate.metrics.MetricsExportContextCustomizerFactory$DisableMetricExportContextCustomizer@555cf22, org.springframework.boot.test.autoconfigure.filter.TypeExcludeFiltersContextCustomizer@351584c0, org.springframework.boot.test.autoconfigure.properties.PropertyMappingContextCustomizer@b0b24fe0, org.springframework.boot.test.autoconfigure.web.servlet.WebDriverContextCustomizerFactory$Customizer@349c1daf, [ImportsContextCustomizer@37a1ac0 key = [org.springframework.boot.autoconfigure.cache.CacheAutoConfiguration, org.springframework.boot.autoconfigure.data.jpa.JpaRepositoriesAutoConfiguration, org.springframework.boot.autoconfigure.flyway.FlywayAutoConfiguration, org.springframework.boot.autoconfigure.jdbc.DataSourceAutoConfiguration, org.springframework.boot.autoconfigure.jdbc.DataSourceTransactionManagerAutoConfiguration, org.springframework.boot.autoconfigure.jdbc.JdbcTemplateAutoConfiguration, org.springframework.boot.autoconfigure.liquibase.LiquibaseAutoConfiguration, org.springframework.boot.autoconfigure.orm.jpa.HibernateJpaAutoConfiguration, org.springframework.boot.autoconfigure.sql.init.SqlInitializationAutoConfiguration, org.springframework.boot.autoconfigure.transaction.TransactionAutoConfiguration, org.springframework.boot.test.autoconfigure.jdbc.TestDatabaseAutoConfiguration, org.springframework.boot.test.autoconfigure.orm.jpa.TestEntityManagerAutoConfiguration, com.fastcampus.adminproject.repository.JpaRepositoryTest$TestJpaConfig]], org.springframework.boot.test.context.filter.ExcludeFilterContextCustomizer@5e8ac0e1, org.springframework.boot.test.json.DuplicateJsonObjectContextCustomizerFactory$DuplicateJsonObjectContextCustomizer@5f7b97da, org.springframework.boot.test.mock.mockito.MockitoContextCustomizer@0, org.springframework.boot.test.context.SpringBootTestArgs@1, org.springframework.boot.test.context.SpringBootTestWebEnvironment@0], contextLoader = 'org.springframework.boot.test.context.SpringBootContextLoader', parent = [null]], attributes = map['org.springframework.test.context.event.ApplicationEventsTestExecutionListener.recordApplicationEvents' -> false]]
2024-03-06 22:53:16.428  INFO 9924 --- [    Test worker] o.s.t.c.transaction.TransactionContext   : Began transaction (1) for test context [DefaultTestContext@6790aad2 testClass = JpaRepositoryTest, testInstance = com.fastcampus.adminproject.repository.JpaRepositoryTest@5ad07f8a, testMethod = givenAdminAccount_whenInserting_thenWorksFine@JpaRepositoryTest, testException = [null], mergedContextConfiguration = [MergedContextConfiguration@7e452d2b testClass = JpaRepositoryTest, locations = '{}', classes = '{class com.fastcampus.adminproject.FastcampusAdminProjectApplication, class com.fastcampus.adminproject.repository.JpaRepositoryTest$TestJpaConfig}', contextInitializerClasses = '[]', activeProfiles = '{}', propertySourceLocations = '{}', propertySourceProperties = '{org.springframework.boot.test.autoconfigure.orm.jpa.DataJpaTestContextBootstrapper=true}', contextCustomizers = set[org.springframework.boot.test.autoconfigure.OverrideAutoConfigurationContextCustomizerFactory$DisableAutoConfigurationContextCustomizer@5b1ebbe, org.springframework.boot.test.autoconfigure.actuate.metrics.MetricsExportContextCustomizerFactory$DisableMetricExportContextCustomizer@555cf22, org.springframework.boot.test.autoconfigure.filter.TypeExcludeFiltersContextCustomizer@351584c0, org.springframework.boot.test.autoconfigure.properties.PropertyMappingContextCustomizer@b0b24fe0, org.springframework.boot.test.autoconfigure.web.servlet.WebDriverContextCustomizerFactory$Customizer@349c1daf, [ImportsContextCustomizer@37a1ac0 key = [org.springframework.boot.autoconfigure.cache.CacheAutoConfiguration, org.springframework.boot.autoconfigure.data.jpa.JpaRepositoriesAutoConfiguration, org.springframework.boot.autoconfigure.flyway.FlywayAutoConfiguration, org.springframework.boot.autoconfigure.jdbc.DataSourceAutoConfiguration, org.springframework.boot.autoconfigure.jdbc.DataSourceTransactionManagerAutoConfiguration, org.springframework.boot.autoconfigure.jdbc.JdbcTemplateAutoConfiguration, org.springframework.boot.autoconfigure.liquibase.LiquibaseAutoConfiguration, org.springframework.boot.autoconfigure.orm.jpa.HibernateJpaAutoConfiguration, org.springframework.boot.autoconfigure.sql.init.SqlInitializationAutoConfiguration, org.springframework.boot.autoconfigure.transaction.TransactionAutoConfiguration, org.springframework.boot.test.autoconfigure.jdbc.TestDatabaseAutoConfiguration, org.springframework.boot.test.autoconfigure.orm.jpa.TestEntityManagerAutoConfiguration, com.fastcampus.adminproject.repository.JpaRepositoryTest$TestJpaConfig]], org.springframework.boot.test.context.filter.ExcludeFilterContextCustomizer@5e8ac0e1, org.springframework.boot.test.json.DuplicateJsonObjectContextCustomizerFactory$DuplicateJsonObjectContextCustomizer@5f7b97da, org.springframework.boot.test.mock.mockito.MockitoContextCustomizer@0, org.springframework.boot.test.context.SpringBootTestArgs@1, org.springframework.boot.test.context.SpringBootTestWebEnvironment@0], contextLoader = 'org.springframework.boot.test.context.SpringBootContextLoader', parent = [null]], attributes = map['org.springframework.test.context.event.ApplicationEventsTestExecutionListener.recordApplicationEvents' -> false]]; transaction manager [org.springframework.orm.jpa.JpaTransactionManager@3defab32]; rollback [true]
Hibernate: 
    select
        count(*) as col_0_0_ 
    from
        admin_account adminaccou0_
Hibernate: 
    select
        adminaccou0_.user_id as user_id1_0_0_,
        adminaccou0_.created_at as created_2_0_0_,
        adminaccou0_.created_by as created_3_0_0_,
        adminaccou0_.modified_at as modified4_0_0_,
        adminaccou0_.modified_by as modified5_0_0_,
        adminaccou0_.email as email6_0_0_,
        adminaccou0_.memo as memo7_0_0_,
        adminaccou0_.nickname as nickname8_0_0_,
        adminaccou0_.role_types as role_typ9_0_0_,
        adminaccou0_.user_password as user_pa10_0_0_ 
    from
        admin_account adminaccou0_ 
    where
        adminaccou0_.user_id=?
2024-03-06 22:53:16.466 TRACE 9924 --- [    Test worker] o.h.type.descriptor.sql.BasicBinder      : binding parameter [1] as [VARCHAR] - [test]
Hibernate: 
    insert 
    into
        admin_account
        (created_at, created_by, modified_at, modified_by, email, memo, nickname, role_types, user_password, user_id) 
    values
        (?, ?, ?, ?, ?, ?, ?, ?, ?, ?)
2024-03-06 22:53:16.534 TRACE 9924 --- [    Test worker] o.h.type.descriptor.sql.BasicBinder      : binding parameter [1] as [TIMESTAMP] - [2024-03-06T22:53:16.523254300]
2024-03-06 22:53:16.535 TRACE 9924 --- [    Test worker] o.h.type.descriptor.sql.BasicBinder      : binding parameter [2] as [VARCHAR] - [uno]
2024-03-06 22:53:16.535 TRACE 9924 --- [    Test worker] o.h.type.descriptor.sql.BasicBinder      : binding parameter [3] as [TIMESTAMP] - [2024-03-06T22:53:16.523254300]
2024-03-06 22:53:16.536 TRACE 9924 --- [    Test worker] o.h.type.descriptor.sql.BasicBinder      : binding parameter [4] as [VARCHAR] - [uno]
2024-03-06 22:53:16.536 TRACE 9924 --- [    Test worker] o.h.type.descriptor.sql.BasicBinder      : binding parameter [5] as [VARCHAR] - [null]
2024-03-06 22:53:16.536 TRACE 9924 --- [    Test worker] o.h.type.descriptor.sql.BasicBinder      : binding parameter [6] as [VARCHAR] - [null]
2024-03-06 22:53:16.536 TRACE 9924 --- [    Test worker] o.h.type.descriptor.sql.BasicBinder      : binding parameter [7] as [VARCHAR] - [null]
2024-03-06 22:53:16.537 TRACE 9924 --- [    Test worker] o.h.type.descriptor.sql.BasicBinder      : binding parameter [8] as [VARCHAR] - [DEVELOPER]
2024-03-06 22:53:16.538 TRACE 9924 --- [    Test worker] o.h.type.descriptor.sql.BasicBinder      : binding parameter [9] as [VARCHAR] - [pw]
2024-03-06 22:53:16.538 TRACE 9924 --- [    Test worker] o.h.type.descriptor.sql.BasicBinder      : binding parameter [10] as [VARCHAR] - [test]
Hibernate: 
    select
        count(*) as col_0_0_ 
    from
        admin_account adminaccou0_
2024-03-06 22:53:16.544  INFO 9924 --- [    Test worker] o.s.t.c.transaction.TransactionContext   : Rolled back transaction for test: [DefaultTestContext@6790aad2 testClass = JpaRepositoryTest, testInstance = com.fastcampus.adminproject.repository.JpaRepositoryTest@5ad07f8a, testMethod = givenAdminAccount_whenInserting_thenWorksFine@JpaRepositoryTest, testException = [null], mergedContextConfiguration = [MergedContextConfiguration@7e452d2b testClass = JpaRepositoryTest, locations = '{}', classes = '{class com.fastcampus.adminproject.FastcampusAdminProjectApplication, class com.fastcampus.adminproject.repository.JpaRepositoryTest$TestJpaConfig}', contextInitializerClasses = '[]', activeProfiles = '{}', propertySourceLocations = '{}', propertySourceProperties = '{org.springframework.boot.test.autoconfigure.orm.jpa.DataJpaTestContextBootstrapper=true}', contextCustomizers = set[org.springframework.boot.test.autoconfigure.OverrideAutoConfigurationContextCustomizerFactory$DisableAutoConfigurationContextCustomizer@5b1ebbe, org.springframework.boot.test.autoconfigure.actuate.metrics.MetricsExportContextCustomizerFactory$DisableMetricExportContextCustomizer@555cf22, org.springframework.boot.test.autoconfigure.filter.TypeExcludeFiltersContextCustomizer@351584c0, org.springframework.boot.test.autoconfigure.properties.PropertyMappingContextCustomizer@b0b24fe0, org.springframework.boot.test.autoconfigure.web.servlet.WebDriverContextCustomizerFactory$Customizer@349c1daf, [ImportsContextCustomizer@37a1ac0 key = [org.springframework.boot.autoconfigure.cache.CacheAutoConfiguration, org.springframework.boot.autoconfigure.data.jpa.JpaRepositoriesAutoConfiguration, org.springframework.boot.autoconfigure.flyway.FlywayAutoConfiguration, org.springframework.boot.autoconfigure.jdbc.DataSourceAutoConfiguration, org.springframework.boot.autoconfigure.jdbc.DataSourceTransactionManagerAutoConfiguration, org.springframework.boot.autoconfigure.jdbc.JdbcTemplateAutoConfiguration, org.springframework.boot.autoconfigure.liquibase.LiquibaseAutoConfiguration, org.springframework.boot.autoconfigure.orm.jpa.HibernateJpaAutoConfiguration, org.springframework.boot.autoconfigure.sql.init.SqlInitializationAutoConfiguration, org.springframework.boot.autoconfigure.transaction.TransactionAutoConfiguration, org.springframework.boot.test.autoconfigure.jdbc.TestDatabaseAutoConfiguration, org.springframework.boot.test.autoconfigure.orm.jpa.TestEntityManagerAutoConfiguration, com.fastcampus.adminproject.repository.JpaRepositoryTest$TestJpaConfig]], org.springframework.boot.test.context.filter.ExcludeFilterContextCustomizer@5e8ac0e1, org.springframework.boot.test.json.DuplicateJsonObjectContextCustomizerFactory$DuplicateJsonObjectContextCustomizer@5f7b97da, org.springframework.boot.test.mock.mockito.MockitoContextCustomizer@0, org.springframework.boot.test.context.SpringBootTestArgs@1, org.springframework.boot.test.context.SpringBootTestWebEnvironment@0], contextLoader = 'org.springframework.boot.test.context.SpringBootContextLoader', parent = [null]], attributes = map['org.springframework.test.context.event.ApplicationEventsTestExecutionListener.recordApplicationEvents' -> false]]
2024-03-06 22:53:16.547  INFO 9924 --- [    Test worker] o.s.t.c.transaction.TransactionContext   : Began transaction (1) for test context [DefaultTestContext@6790aad2 testClass = JpaRepositoryTest, testInstance = com.fastcampus.adminproject.repository.JpaRepositoryTest@164523f, testMethod = givenAdminAccountAndRoleType_whenUpdating_thenWorksFine@JpaRepositoryTest, testException = [null], mergedContextConfiguration = [MergedContextConfiguration@7e452d2b testClass = JpaRepositoryTest, locations = '{}', classes = '{class com.fastcampus.adminproject.FastcampusAdminProjectApplication, class com.fastcampus.adminproject.repository.JpaRepositoryTest$TestJpaConfig}', contextInitializerClasses = '[]', activeProfiles = '{}', propertySourceLocations = '{}', propertySourceProperties = '{org.springframework.boot.test.autoconfigure.orm.jpa.DataJpaTestContextBootstrapper=true}', contextCustomizers = set[org.springframework.boot.test.autoconfigure.OverrideAutoConfigurationContextCustomizerFactory$DisableAutoConfigurationContextCustomizer@5b1ebbe, org.springframework.boot.test.autoconfigure.actuate.metrics.MetricsExportContextCustomizerFactory$DisableMetricExportContextCustomizer@555cf22, org.springframework.boot.test.autoconfigure.filter.TypeExcludeFiltersContextCustomizer@351584c0, org.springframework.boot.test.autoconfigure.properties.PropertyMappingContextCustomizer@b0b24fe0, org.springframework.boot.test.autoconfigure.web.servlet.WebDriverContextCustomizerFactory$Customizer@349c1daf, [ImportsContextCustomizer@37a1ac0 key = [org.springframework.boot.autoconfigure.cache.CacheAutoConfiguration, org.springframework.boot.autoconfigure.data.jpa.JpaRepositoriesAutoConfiguration, org.springframework.boot.autoconfigure.flyway.FlywayAutoConfiguration, org.springframework.boot.autoconfigure.jdbc.DataSourceAutoConfiguration, org.springframework.boot.autoconfigure.jdbc.DataSourceTransactionManagerAutoConfiguration, org.springframework.boot.autoconfigure.jdbc.JdbcTemplateAutoConfiguration, org.springframework.boot.autoconfigure.liquibase.LiquibaseAutoConfiguration, org.springframework.boot.autoconfigure.orm.jpa.HibernateJpaAutoConfiguration, org.springframework.boot.autoconfigure.sql.init.SqlInitializationAutoConfiguration, org.springframework.boot.autoconfigure.transaction.TransactionAutoConfiguration, org.springframework.boot.test.autoconfigure.jdbc.TestDatabaseAutoConfiguration, org.springframework.boot.test.autoconfigure.orm.jpa.TestEntityManagerAutoConfiguration, com.fastcampus.adminproject.repository.JpaRepositoryTest$TestJpaConfig]], org.springframework.boot.test.context.filter.ExcludeFilterContextCustomizer@5e8ac0e1, org.springframework.boot.test.json.DuplicateJsonObjectContextCustomizerFactory$DuplicateJsonObjectContextCustomizer@5f7b97da, org.springframework.boot.test.mock.mockito.MockitoContextCustomizer@0, org.springframework.boot.test.context.SpringBootTestArgs@1, org.springframework.boot.test.context.SpringBootTestWebEnvironment@0], contextLoader = 'org.springframework.boot.test.context.SpringBootContextLoader', parent = [null]], attributes = map['org.springframework.test.context.event.ApplicationEventsTestExecutionListener.recordApplicationEvents' -> false]]; transaction manager [org.springframework.orm.jpa.JpaTransactionManager@3defab32]; rollback [true]
Hibernate: 
    select
        adminaccou0_.user_id as user_id1_0_0_,
        adminaccou0_.created_at as created_2_0_0_,
        adminaccou0_.created_by as created_3_0_0_,
        adminaccou0_.modified_at as modified4_0_0_,
        adminaccou0_.modified_by as modified5_0_0_,
        adminaccou0_.email as email6_0_0_,
        adminaccou0_.memo as memo7_0_0_,
        adminaccou0_.nickname as nickname8_0_0_,
        adminaccou0_.role_types as role_typ9_0_0_,
        adminaccou0_.user_password as user_pa10_0_0_ 
    from
        admin_account adminaccou0_ 
    where
        adminaccou0_.user_id=?
2024-03-06 22:53:16.552 TRACE 9924 --- [    Test worker] o.h.type.descriptor.sql.BasicBinder      : binding parameter [1] as [VARCHAR] - [uno]
Hibernate: 
    update
        admin_account 
    set
        modified_at=?,
        modified_by=?,
        email=?,
        memo=?,
        nickname=?,
        role_types=?,
        user_password=? 
    where
        user_id=?
2024-03-06 22:53:16.562 TRACE 9924 --- [    Test worker] o.h.type.descriptor.sql.BasicBinder      : binding parameter [1] as [TIMESTAMP] - [2024-03-06T22:53:16.557259100]
2024-03-06 22:53:16.562 TRACE 9924 --- [    Test worker] o.h.type.descriptor.sql.BasicBinder      : binding parameter [2] as [VARCHAR] - [uno]
2024-03-06 22:53:16.562 TRACE 9924 --- [    Test worker] o.h.type.descriptor.sql.BasicBinder      : binding parameter [3] as [VARCHAR] - [uno@mail.com]
2024-03-06 22:53:16.562 TRACE 9924 --- [    Test worker] o.h.type.descriptor.sql.BasicBinder      : binding parameter [4] as [VARCHAR] - [I am Uno.]
2024-03-06 22:53:16.563 TRACE 9924 --- [    Test worker] o.h.type.descriptor.sql.BasicBinder      : binding parameter [5] as [VARCHAR] - [Uno]
2024-03-06 22:53:16.563 TRACE 9924 --- [    Test worker] o.h.type.descriptor.sql.BasicBinder      : binding parameter [6] as [VARCHAR] - [DEVELOPER,USER]
2024-03-06 22:53:16.563 TRACE 9924 --- [    Test worker] o.h.type.descriptor.sql.BasicBinder      : binding parameter [7] as [VARCHAR] - [{noop}asdf1234]
2024-03-06 22:53:16.563 TRACE 9924 --- [    Test worker] o.h.type.descriptor.sql.BasicBinder      : binding parameter [8] as [VARCHAR] - [uno]
2024-03-06 22:53:16.571  INFO 9924 --- [    Test worker] o.s.t.c.transaction.TransactionContext   : Rolled back transaction for test: [DefaultTestContext@6790aad2 testClass = JpaRepositoryTest, testInstance = com.fastcampus.adminproject.repository.JpaRepositoryTest@164523f, testMethod = givenAdminAccountAndRoleType_whenUpdating_thenWorksFine@JpaRepositoryTest, testException = [null], mergedContextConfiguration = [MergedContextConfiguration@7e452d2b testClass = JpaRepositoryTest, locations = '{}', classes = '{class com.fastcampus.adminproject.FastcampusAdminProjectApplication, class com.fastcampus.adminproject.repository.JpaRepositoryTest$TestJpaConfig}', contextInitializerClasses = '[]', activeProfiles = '{}', propertySourceLocations = '{}', propertySourceProperties = '{org.springframework.boot.test.autoconfigure.orm.jpa.DataJpaTestContextBootstrapper=true}', contextCustomizers = set[org.springframework.boot.test.autoconfigure.OverrideAutoConfigurationContextCustomizerFactory$DisableAutoConfigurationContextCustomizer@5b1ebbe, org.springframework.boot.test.autoconfigure.actuate.metrics.MetricsExportContextCustomizerFactory$DisableMetricExportContextCustomizer@555cf22, org.springframework.boot.test.autoconfigure.filter.TypeExcludeFiltersContextCustomizer@351584c0, org.springframework.boot.test.autoconfigure.properties.PropertyMappingContextCustomizer@b0b24fe0, org.springframework.boot.test.autoconfigure.web.servlet.WebDriverContextCustomizerFactory$Customizer@349c1daf, [ImportsContextCustomizer@37a1ac0 key = [org.springframework.boot.autoconfigure.cache.CacheAutoConfiguration, org.springframework.boot.autoconfigure.data.jpa.JpaRepositoriesAutoConfiguration, org.springframework.boot.autoconfigure.flyway.FlywayAutoConfiguration, org.springframework.boot.autoconfigure.jdbc.DataSourceAutoConfiguration, org.springframework.boot.autoconfigure.jdbc.DataSourceTransactionManagerAutoConfiguration, org.springframework.boot.autoconfigure.jdbc.JdbcTemplateAutoConfiguration, org.springframework.boot.autoconfigure.liquibase.LiquibaseAutoConfiguration, org.springframework.boot.autoconfigure.orm.jpa.HibernateJpaAutoConfiguration, org.springframework.boot.autoconfigure.sql.init.SqlInitializationAutoConfiguration, org.springframework.boot.autoconfigure.transaction.TransactionAutoConfiguration, org.springframework.boot.test.autoconfigure.jdbc.TestDatabaseAutoConfiguration, org.springframework.boot.test.autoconfigure.orm.jpa.TestEntityManagerAutoConfiguration, com.fastcampus.adminproject.repository.JpaRepositoryTest$TestJpaConfig]], org.springframework.boot.test.context.filter.ExcludeFilterContextCustomizer@5e8ac0e1, org.springframework.boot.test.json.DuplicateJsonObjectContextCustomizerFactory$DuplicateJsonObjectContextCustomizer@5f7b97da, org.springframework.boot.test.mock.mockito.MockitoContextCustomizer@0, org.springframework.boot.test.context.SpringBootTestArgs@1, org.springframework.boot.test.context.SpringBootTestWebEnvironment@0], contextLoader = 'org.springframework.boot.test.context.SpringBootContextLoader', parent = [null]], attributes = map['org.springframework.test.context.event.ApplicationEventsTestExecutionListener.recordApplicationEvents' -> false]]
2024-03-06 22:53:16.575  INFO 9924 --- [    Test worker] o.s.t.c.transaction.TransactionContext   : Began transaction (1) for test context [DefaultTestContext@6790aad2 testClass = JpaRepositoryTest, testInstance = com.fastcampus.adminproject.repository.JpaRepositoryTest@2ac4079f, testMethod = givenAdminAccounts_whenSelecting_thenWorksFine@JpaRepositoryTest, testException = [null], mergedContextConfiguration = [MergedContextConfiguration@7e452d2b testClass = JpaRepositoryTest, locations = '{}', classes = '{class com.fastcampus.adminproject.FastcampusAdminProjectApplication, class com.fastcampus.adminproject.repository.JpaRepositoryTest$TestJpaConfig}', contextInitializerClasses = '[]', activeProfiles = '{}', propertySourceLocations = '{}', propertySourceProperties = '{org.springframework.boot.test.autoconfigure.orm.jpa.DataJpaTestContextBootstrapper=true}', contextCustomizers = set[org.springframework.boot.test.autoconfigure.OverrideAutoConfigurationContextCustomizerFactory$DisableAutoConfigurationContextCustomizer@5b1ebbe, org.springframework.boot.test.autoconfigure.actuate.metrics.MetricsExportContextCustomizerFactory$DisableMetricExportContextCustomizer@555cf22, org.springframework.boot.test.autoconfigure.filter.TypeExcludeFiltersContextCustomizer@351584c0, org.springframework.boot.test.autoconfigure.properties.PropertyMappingContextCustomizer@b0b24fe0, org.springframework.boot.test.autoconfigure.web.servlet.WebDriverContextCustomizerFactory$Customizer@349c1daf, [ImportsContextCustomizer@37a1ac0 key = [org.springframework.boot.autoconfigure.cache.CacheAutoConfiguration, org.springframework.boot.autoconfigure.data.jpa.JpaRepositoriesAutoConfiguration, org.springframework.boot.autoconfigure.flyway.FlywayAutoConfiguration, org.springframework.boot.autoconfigure.jdbc.DataSourceAutoConfiguration, org.springframework.boot.autoconfigure.jdbc.DataSourceTransactionManagerAutoConfiguration, org.springframework.boot.autoconfigure.jdbc.JdbcTemplateAutoConfiguration, org.springframework.boot.autoconfigure.liquibase.LiquibaseAutoConfiguration, org.springframework.boot.autoconfigure.orm.jpa.HibernateJpaAutoConfiguration, org.springframework.boot.autoconfigure.sql.init.SqlInitializationAutoConfiguration, org.springframework.boot.autoconfigure.transaction.TransactionAutoConfiguration, org.springframework.boot.test.autoconfigure.jdbc.TestDatabaseAutoConfiguration, org.springframework.boot.test.autoconfigure.orm.jpa.TestEntityManagerAutoConfiguration, com.fastcampus.adminproject.repository.JpaRepositoryTest$TestJpaConfig]], org.springframework.boot.test.context.filter.ExcludeFilterContextCustomizer@5e8ac0e1, org.springframework.boot.test.json.DuplicateJsonObjectContextCustomizerFactory$DuplicateJsonObjectContextCustomizer@5f7b97da, org.springframework.boot.test.mock.mockito.MockitoContextCustomizer@0, org.springframework.boot.test.context.SpringBootTestArgs@1, org.springframework.boot.test.context.SpringBootTestWebEnvironment@0], contextLoader = 'org.springframework.boot.test.context.SpringBootContextLoader', parent = [null]], attributes = map['org.springframework.test.context.event.ApplicationEventsTestExecutionListener.recordApplicationEvents' -> false]]; transaction manager [org.springframework.orm.jpa.JpaTransactionManager@3defab32]; rollback [true]
Hibernate: 
    select
        adminaccou0_.user_id as user_id1_0_,
        adminaccou0_.created_at as created_2_0_,
        adminaccou0_.created_by as created_3_0_,
        adminaccou0_.modified_at as modified4_0_,
        adminaccou0_.modified_by as modified5_0_,
        adminaccou0_.email as email6_0_,
        adminaccou0_.memo as memo7_0_,
        adminaccou0_.nickname as nickname8_0_,
        adminaccou0_.role_types as role_typ9_0_,
        adminaccou0_.user_password as user_pa10_0_ 
    from
        admin_account adminaccou0_
2024-03-06 22:53:16.653  INFO 9924 --- [    Test worker] o.s.t.c.transaction.TransactionContext   : Rolled back transaction for test: [DefaultTestContext@6790aad2 testClass = JpaRepositoryTest, testInstance = com.fastcampus.adminproject.repository.JpaRepositoryTest@2ac4079f, testMethod = givenAdminAccounts_whenSelecting_thenWorksFine@JpaRepositoryTest, testException = [null], mergedContextConfiguration = [MergedContextConfiguration@7e452d2b testClass = JpaRepositoryTest, locations = '{}', classes = '{class com.fastcampus.adminproject.FastcampusAdminProjectApplication, class com.fastcampus.adminproject.repository.JpaRepositoryTest$TestJpaConfig}', contextInitializerClasses = '[]', activeProfiles = '{}', propertySourceLocations = '{}', propertySourceProperties = '{org.springframework.boot.test.autoconfigure.orm.jpa.DataJpaTestContextBootstrapper=true}', contextCustomizers = set[org.springframework.boot.test.autoconfigure.OverrideAutoConfigurationContextCustomizerFactory$DisableAutoConfigurationContextCustomizer@5b1ebbe, org.springframework.boot.test.autoconfigure.actuate.metrics.MetricsExportContextCustomizerFactory$DisableMetricExportContextCustomizer@555cf22, org.springframework.boot.test.autoconfigure.filter.TypeExcludeFiltersContextCustomizer@351584c0, org.springframework.boot.test.autoconfigure.properties.PropertyMappingContextCustomizer@b0b24fe0, org.springframework.boot.test.autoconfigure.web.servlet.WebDriverContextCustomizerFactory$Customizer@349c1daf, [ImportsContextCustomizer@37a1ac0 key = [org.springframework.boot.autoconfigure.cache.CacheAutoConfiguration, org.springframework.boot.autoconfigure.data.jpa.JpaRepositoriesAutoConfiguration, org.springframework.boot.autoconfigure.flyway.FlywayAutoConfiguration, org.springframework.boot.autoconfigure.jdbc.DataSourceAutoConfiguration, org.springframework.boot.autoconfigure.jdbc.DataSourceTransactionManagerAutoConfiguration, org.springframework.boot.autoconfigure.jdbc.JdbcTemplateAutoConfiguration, org.springframework.boot.autoconfigure.liquibase.LiquibaseAutoConfiguration, org.springframework.boot.autoconfigure.orm.jpa.HibernateJpaAutoConfiguration, org.springframework.boot.autoconfigure.sql.init.SqlInitializationAutoConfiguration, org.springframework.boot.autoconfigure.transaction.TransactionAutoConfiguration, org.springframework.boot.test.autoconfigure.jdbc.TestDatabaseAutoConfiguration, org.springframework.boot.test.autoconfigure.orm.jpa.TestEntityManagerAutoConfiguration, com.fastcampus.adminproject.repository.JpaRepositoryTest$TestJpaConfig]], org.springframework.boot.test.context.filter.ExcludeFilterContextCustomizer@5e8ac0e1, org.springframework.boot.test.json.DuplicateJsonObjectContextCustomizerFactory$DuplicateJsonObjectContextCustomizer@5f7b97da, org.springframework.boot.test.mock.mockito.MockitoContextCustomizer@0, org.springframework.boot.test.context.SpringBootTestArgs@1, org.springframework.boot.test.context.SpringBootTestWebEnvironment@0], contextLoader = 'org.springframework.boot.test.context.SpringBootContextLoader', parent = [null]], attributes = map['org.springframework.test.context.event.ApplicationEventsTestExecutionListener.recordApplicationEvents' -> false]]
]]></system-out>
  <system-err><![CDATA[]]></system-err>
</testsuite>
