<?xml version="1.0" encoding="UTF-8"?>
<testsuite name="API mocking 테스트" tests="3" skipped="0" failures="0" errors="0" timestamp="2024-03-06T13:53:17" hostname="DESKTOP-CFTF9U4" time="0.147">
  <properties/>
  <testcase name="댓글 ID와 함께 댓글 API을 호출하면, 댓글을 가져온다." classname="com.fastcampus.adminproject.service.ArticleCommentManagementServiceTest$RestTemplateTest" time="0.103"/>
  <testcase name="댓글 ID와 함께 댓글 삭제 API을 호출하면, 댓글을 삭제한다." classname="com.fastcampus.adminproject.service.ArticleCommentManagementServiceTest$RestTemplateTest" time="0.004"/>
  <testcase name="댓글 목록 API을 호출하면, 댓글들을 가져온다." classname="com.fastcampus.adminproject.service.ArticleCommentManagementServiceTest$RestTemplateTest" time="0.034"/>
  <system-out><![CDATA[2024-03-06 22:53:16.889  INFO 9924 --- [    Test worker] .a.w.c.RestClientTestContextBootstrapper : Neither @ContextConfiguration nor @ContextHierarchy found for test class [com.fastcampus.adminproject.service.ArticleCommentManagementServiceTest$RestTemplateTest], using SpringBootContextLoader
2024-03-06 22:53:16.891  INFO 9924 --- [    Test worker] o.s.t.c.support.AbstractContextLoader    : Could not detect default resource locations for test class [com.fastcampus.adminproject.service.ArticleCommentManagementServiceTest$RestTemplateTest]: no resource found for suffixes {-context.xml, Context.groovy}.
2024-03-06 22:53:16.891  INFO 9924 --- [    Test worker] t.c.s.AnnotationConfigContextLoaderUtils : Could not detect default configuration classes for test class [com.fastcampus.adminproject.service.ArticleCommentManagementServiceTest$RestTemplateTest]: RestTemplateTest does not declare any static, non-private, non-final, nested classes annotated with @Configuration.
2024-03-06 22:53:16.926  INFO 9924 --- [    Test worker] .b.t.c.SpringBootTestContextBootstrapper : Found @SpringBootConfiguration com.fastcampus.adminproject.FastcampusAdminProjectApplication for test class com.fastcampus.adminproject.service.ArticleCommentManagementServiceTest$RestTemplateTest
2024-03-06 22:53:16.928  INFO 9924 --- [    Test worker] .a.w.c.RestClientTestContextBootstrapper : Loaded default TestExecutionListener class names from location [META-INF/spring.factories]: [org.springframework.security.test.context.support.WithSecurityContextTestExecutionListener, org.springframework.security.test.context.support.ReactorContextTestExecutionListener, org.springframework.boot.test.autoconfigure.restdocs.RestDocsTestExecutionListener, org.springframework.boot.test.autoconfigure.web.client.MockRestServiceServerResetTestExecutionListener, org.springframework.boot.test.autoconfigure.web.servlet.MockMvcPrintOnlyOnFailureTestExecutionListener, org.springframework.boot.test.autoconfigure.web.servlet.WebDriverTestExecutionListener, org.springframework.boot.test.autoconfigure.webservices.client.MockWebServiceServerTestExecutionListener, org.springframework.boot.test.mock.mockito.MockitoTestExecutionListener, org.springframework.boot.test.mock.mockito.ResetMocksTestExecutionListener, org.springframework.test.context.web.ServletTestExecutionListener, org.springframework.test.context.support.DirtiesContextBeforeModesTestExecutionListener, org.springframework.test.context.event.ApplicationEventsTestExecutionListener, org.springframework.test.context.support.DependencyInjectionTestExecutionListener, org.springframework.test.context.support.DirtiesContextTestExecutionListener, org.springframework.test.context.transaction.TransactionalTestExecutionListener, org.springframework.test.context.jdbc.SqlScriptsTestExecutionListener, org.springframework.test.context.event.EventPublishingTestExecutionListener]
2024-03-06 22:53:16.930  INFO 9924 --- [    Test worker] .a.w.c.RestClientTestContextBootstrapper : Using TestExecutionListeners: [org.springframework.test.context.web.ServletTestExecutionListener@1d1071bb, org.springframework.test.context.support.DirtiesContextBeforeModesTestExecutionListener@3f7e5f33, org.springframework.test.context.event.ApplicationEventsTestExecutionListener@4a83736a, org.springframework.boot.test.mock.mockito.MockitoTestExecutionListener@3c06d119, org.springframework.boot.test.autoconfigure.SpringBootDependencyInjectionTestExecutionListener@2285f28b, org.springframework.test.context.support.DirtiesContextTestExecutionListener@6f4fa62f, org.springframework.test.context.transaction.TransactionalTestExecutionListener@3e06808f, org.springframework.test.context.jdbc.SqlScriptsTestExecutionListener@3402004f, org.springframework.security.test.context.support.WithSecurityContextTestExecutionListener@399ebdee, org.springframework.test.context.event.EventPublishingTestExecutionListener@2b720a2c, org.springframework.security.test.context.support.ReactorContextTestExecutionListener@21faf535, org.springframework.boot.test.autoconfigure.restdocs.RestDocsTestExecutionListener@5de993d, org.springframework.boot.test.autoconfigure.web.client.MockRestServiceServerResetTestExecutionListener@49e335a5, org.springframework.boot.test.autoconfigure.web.servlet.MockMvcPrintOnlyOnFailureTestExecutionListener@727b65df, org.springframework.boot.test.autoconfigure.web.servlet.WebDriverTestExecutionListener@45e65f8, org.springframework.boot.test.autoconfigure.webservices.client.MockWebServiceServerTestExecutionListener@7538033f, org.springframework.boot.test.mock.mockito.ResetMocksTestExecutionListener@25a65e20]

  .   ____          _            __ _ _
 /\\ / ___'_ __ _ _(_)_ __  __ _ \ \ \ \
( ( )\___ | '_ | '_| | '_ \/ _` | \ \ \ \
 \\/  ___)| |_)| | | | | || (_| |  ) ) ) )
  '  |____| .__|_| |_|_| |_\__, | / / / /
 =========|_|==============|___/=/_/_/_/
 :: Spring Boot ::               (v2.7.14)

2024-03-06 22:53:17.018  INFO 9924 --- [    Test worker] ntManagementServiceTest$RestTemplateTest : Starting ArticleCommentManagementServiceTest.RestTemplateTest using Java 17.0.8 on DESKTOP-CFTF9U4 with PID 9924 (started by UserK in C:\project\github\FastCampus-SpringBoot\fastcampus-board-admin-project\board-admin-porject\fastcampus-admin-project)
2024-03-06 22:53:17.019 DEBUG 9924 --- [    Test worker] ntManagementServiceTest$RestTemplateTest : Running with Spring Boot v2.7.14, Spring v5.3.29
2024-03-06 22:53:17.020  INFO 9924 --- [    Test worker] ntManagementServiceTest$RestTemplateTest : The following 1 profile is active: "test"
2024-03-06 22:53:17.486  INFO 9924 --- [    Test worker] ntManagementServiceTest$RestTemplateTest : Started ArticleCommentManagementServiceTest.RestTemplateTest in 0.551 seconds (JVM running for 95.472)
2024-03-06 22:53:17.513 DEBUG 9924 --- [    Test worker] o.s.web.client.RestTemplate              : HTTP GET http://localhost:8080/api/articleComments/1?projection=withUserAccount
2024-03-06 22:53:17.575 DEBUG 9924 --- [    Test worker] o.s.web.client.RestTemplate              : Accept=[application/json, application/*+json]
2024-03-06 22:53:17.578 DEBUG 9924 --- [    Test worker] o.s.web.client.RestTemplate              : Response 200 OK
2024-03-06 22:53:17.579 DEBUG 9924 --- [    Test worker] o.s.web.client.RestTemplate              : Reading to [com.fastcampus.adminproject.dto.ArticleCommentDto]
2024-03-06 22:53:17.602 DEBUG 9924 --- [    Test worker] o.s.web.client.RestTemplate              : HTTP DELETE http://localhost:8080/api/articleComments/1
2024-03-06 22:53:17.602 DEBUG 9924 --- [    Test worker] o.s.web.client.RestTemplate              : Response 200 OK
2024-03-06 22:53:17.620 DEBUG 9924 --- [    Test worker] o.s.web.client.RestTemplate              : HTTP GET http://localhost:8080/api/articleComments?size=10000
2024-03-06 22:53:17.634 DEBUG 9924 --- [    Test worker] o.s.web.client.RestTemplate              : Accept=[application/json, application/*+json]
2024-03-06 22:53:17.634 DEBUG 9924 --- [    Test worker] o.s.web.client.RestTemplate              : Response 200 OK
2024-03-06 22:53:17.635 DEBUG 9924 --- [    Test worker] o.s.web.client.RestTemplate              : Reading to [com.fastcampus.adminproject.dto.response.ArticleCommentClientResponse]
]]></system-out>
  <system-err><![CDATA[]]></system-err>
</testsuite>
