<?xml version="1.0" encoding="UTF-8"?>
<testsuite name="View 컨트롤러 - 게시글 관리" tests="3" skipped="0" failures="0" errors="0" timestamp="2024-03-06T13:53:09" hostname="DESKTOP-CFTF9U4" time="0.137">
  <properties/>
  <testcase name="[view][GET] 게시글 관리 페이지 - 정상 호출" classname="com.fastcampus.adminproject.controller.ArticleManagementControllerTest" time="0.075"/>
  <testcase name="[view][POST] 게시글 삭제 - 정상 호출" classname="com.fastcampus.adminproject.controller.ArticleManagementControllerTest" time="0.021"/>
  <testcase name="[data][GET] 게시글 1개 - 정상 호출" classname="com.fastcampus.adminproject.controller.ArticleManagementControllerTest" time="0.034"/>
  <system-out><![CDATA[2024-03-06 22:53:06.481  INFO 9924 --- [    Test worker] .b.t.a.w.s.WebMvcTestContextBootstrapper : Neither @ContextConfiguration nor @ContextHierarchy found for test class [com.fastcampus.adminproject.controller.ArticleManagementControllerTest], using SpringBootContextLoader
2024-03-06 22:53:06.483  INFO 9924 --- [    Test worker] o.s.t.c.support.AbstractContextLoader    : Could not detect default resource locations for test class [com.fastcampus.adminproject.controller.ArticleManagementControllerTest]: no resource found for suffixes {-context.xml, Context.groovy}.
2024-03-06 22:53:06.483  INFO 9924 --- [    Test worker] t.c.s.AnnotationConfigContextLoaderUtils : Could not detect default configuration classes for test class [com.fastcampus.adminproject.controller.ArticleManagementControllerTest]: ArticleManagementControllerTest does not declare any static, non-private, non-final, nested classes annotated with @Configuration.
2024-03-06 22:53:06.493  INFO 9924 --- [    Test worker] .b.t.c.SpringBootTestContextBootstrapper : Found @SpringBootConfiguration com.fastcampus.adminproject.FastcampusAdminProjectApplication for test class com.fastcampus.adminproject.controller.ArticleManagementControllerTest
2024-03-06 22:53:06.494  INFO 9924 --- [    Test worker] .b.t.a.w.s.WebMvcTestContextBootstrapper : Loaded default TestExecutionListener class names from location [META-INF/spring.factories]: [org.springframework.security.test.context.support.WithSecurityContextTestExecutionListener, org.springframework.security.test.context.support.ReactorContextTestExecutionListener, org.springframework.boot.test.autoconfigure.restdocs.RestDocsTestExecutionListener, org.springframework.boot.test.autoconfigure.web.client.MockRestServiceServerResetTestExecutionListener, org.springframework.boot.test.autoconfigure.web.servlet.MockMvcPrintOnlyOnFailureTestExecutionListener, org.springframework.boot.test.autoconfigure.web.servlet.WebDriverTestExecutionListener, org.springframework.boot.test.autoconfigure.webservices.client.MockWebServiceServerTestExecutionListener, org.springframework.boot.test.mock.mockito.MockitoTestExecutionListener, org.springframework.boot.test.mock.mockito.ResetMocksTestExecutionListener, org.springframework.test.context.web.ServletTestExecutionListener, org.springframework.test.context.support.DirtiesContextBeforeModesTestExecutionListener, org.springframework.test.context.event.ApplicationEventsTestExecutionListener, org.springframework.test.context.support.DependencyInjectionTestExecutionListener, org.springframework.test.context.support.DirtiesContextTestExecutionListener, org.springframework.test.context.transaction.TransactionalTestExecutionListener, org.springframework.test.context.jdbc.SqlScriptsTestExecutionListener, org.springframework.test.context.event.EventPublishingTestExecutionListener]
2024-03-06 22:53:06.496  INFO 9924 --- [    Test worker] .b.t.a.w.s.WebMvcTestContextBootstrapper : Using TestExecutionListeners: [org.springframework.test.context.web.ServletTestExecutionListener@2e85cce1, org.springframework.test.context.support.DirtiesContextBeforeModesTestExecutionListener@5f45b3f8, org.springframework.test.context.event.ApplicationEventsTestExecutionListener@2b9ea20c, org.springframework.boot.test.mock.mockito.MockitoTestExecutionListener@9b5ff2e, org.springframework.boot.test.autoconfigure.SpringBootDependencyInjectionTestExecutionListener@9d7d83d, org.springframework.test.context.support.DirtiesContextTestExecutionListener@7bff608c, org.springframework.test.context.transaction.TransactionalTestExecutionListener@25af233d, org.springframework.test.context.jdbc.SqlScriptsTestExecutionListener@345f429, org.springframework.security.test.context.support.WithSecurityContextTestExecutionListener@3464d24c, org.springframework.test.context.event.EventPublishingTestExecutionListener@341f2f4c, org.springframework.security.test.context.support.ReactorContextTestExecutionListener@68754439, org.springframework.boot.test.autoconfigure.restdocs.RestDocsTestExecutionListener@44bd11a2, org.springframework.boot.test.autoconfigure.web.client.MockRestServiceServerResetTestExecutionListener@56595dcb, org.springframework.boot.test.autoconfigure.web.servlet.MockMvcPrintOnlyOnFailureTestExecutionListener@1b717d03, org.springframework.boot.test.autoconfigure.web.servlet.WebDriverTestExecutionListener@59e7a6d8, org.springframework.boot.test.autoconfigure.webservices.client.MockWebServiceServerTestExecutionListener@757b8c47, org.springframework.boot.test.mock.mockito.ResetMocksTestExecutionListener@69503026]

  .   ____          _            __ _ _
 /\\ / ___'_ __ _ _(_)_ __  __ _ \ \ \ \
( ( )\___ | '_ | '_| | '_ \/ _` | \ \ \ \
 \\/  ___)| |_)| | | | | || (_| |  ) ) ) )
  '  |____| .__|_| |_|_| |_\__, | / / / /
 =========|_|==============|___/=/_/_/_/
 :: Spring Boot ::               (v2.7.14)

2024-03-06 22:53:06.567  INFO 9924 --- [    Test worker] c.f.a.c.ArticleManagementControllerTest  : Starting ArticleManagementControllerTest using Java 17.0.8 on DESKTOP-CFTF9U4 with PID 9924 (started by UserK in C:\project\github\FastCampus-SpringBoot\fastcampus-board-admin-project\board-admin-porject\fastcampus-admin-project)
2024-03-06 22:53:06.567 DEBUG 9924 --- [    Test worker] c.f.a.c.ArticleManagementControllerTest  : Running with Spring Boot v2.7.14, Spring v5.3.29
2024-03-06 22:53:06.568  INFO 9924 --- [    Test worker] c.f.a.c.ArticleManagementControllerTest  : No active profile set, falling back to 1 default profile: "default"
2024-03-06 22:53:07.465 DEBUG 9924 --- [    Test worker] s.w.s.m.m.a.RequestMappingHandlerMapping : 5 mappings in 'requestMappingHandlerMapping'
2024-03-06 22:53:08.473 DEBUG 9924 --- [    Test worker] o.s.w.s.handler.SimpleUrlHandlerMapping  : Patterns [/webjars/**, /**] in 'resourceHandlerMapping'
2024-03-06 22:53:08.732  INFO 9924 --- [    Test worker] o.s.s.web.DefaultSecurityFilterChain     : Will secure any request with [org.springframework.security.web.session.DisableEncodeUrlFilter@3947bad4, org.springframework.security.web.context.request.async.WebAsyncManagerIntegrationFilter@64d691b2, org.springframework.security.web.context.SecurityContextPersistenceFilter@4a115c4c, org.springframework.security.web.header.HeaderWriterFilter@1de618b3, org.springframework.security.web.csrf.CsrfFilter@6ca257de, org.springframework.security.web.authentication.logout.LogoutFilter@301af154, org.springframework.security.oauth2.client.web.OAuth2AuthorizationRequestRedirectFilter@72bec302, org.springframework.security.oauth2.client.web.OAuth2LoginAuthenticationFilter@5e9650d3, org.springframework.security.web.authentication.UsernamePasswordAuthenticationFilter@15c900be, org.springframework.security.web.authentication.ui.DefaultLoginPageGeneratingFilter@53a52b3f, org.springframework.security.web.authentication.ui.DefaultLogoutPageGeneratingFilter@6074f8f9, org.springframework.security.web.savedrequest.RequestCacheAwareFilter@55feda3f, org.springframework.security.web.servletapi.SecurityContextHolderAwareRequestFilter@787073b3, org.springframework.security.web.authentication.AnonymousAuthenticationFilter@c083cec, org.springframework.security.web.session.SessionManagementFilter@3473e1bb, org.springframework.security.web.access.ExceptionTranslationFilter@4f8a0f4e, org.springframework.security.web.access.intercept.AuthorizationFilter@310ad792]
2024-03-06 22:53:08.890 DEBUG 9924 --- [    Test worker] s.w.s.m.m.a.RequestMappingHandlerAdapter : ControllerAdvice beans: 1 @ModelAttribute, 0 @InitBinder, 1 RequestBodyAdvice, 1 ResponseBodyAdvice
2024-03-06 22:53:08.938 DEBUG 9924 --- [    Test worker] .m.m.a.ExceptionHandlerExceptionResolver : ControllerAdvice beans: 0 @ExceptionHandler, 1 ResponseBodyAdvice
2024-03-06 22:53:09.335  INFO 9924 --- [    Test worker] o.s.b.t.m.w.SpringBootMockServletContext : Initializing Spring TestDispatcherServlet ''
2024-03-06 22:53:09.335  INFO 9924 --- [    Test worker] o.s.t.web.servlet.TestDispatcherServlet  : Initializing Servlet ''
2024-03-06 22:53:09.336  INFO 9924 --- [    Test worker] o.s.t.web.servlet.TestDispatcherServlet  : Completed initialization in 1 ms
2024-03-06 22:53:09.365  INFO 9924 --- [    Test worker] c.f.a.c.ArticleManagementControllerTest  : Started ArticleManagementControllerTest in 2.865 seconds (JVM running for 87.351)
2024-03-06 22:53:09.385 DEBUG 9924 --- [    Test worker] s.w.s.m.m.a.RequestMappingHandlerMapping : Mapped to com.fastcampus.adminproject.controller.ArticleManagementController#articles(Model)
2024-03-06 22:53:09.408 DEBUG 9924 --- [    Test worker] o.s.w.s.v.ContentNegotiatingViewResolver : Selected '*/*' given [*/*]
2024-03-06 22:53:09.461 DEBUG 9924 --- [    Test worker] s.w.s.m.m.a.RequestMappingHandlerMapping : Mapped to com.fastcampus.adminproject.controller.ArticleManagementController#deleteArticle(Long)
2024-03-06 22:53:09.461 DEBUG 9924 --- [    Test worker] s.w.s.m.m.a.RequestMappingHandlerMapping : Mapped to com.fastcampus.adminproject.controller.ArticleManagementController#deleteArticle(Long)
2024-03-06 22:53:09.465 DEBUG 9924 --- [    Test worker] o.s.web.servlet.view.RedirectView        : View name 'redirect:', model {}
2024-03-06 22:53:09.482 DEBUG 9924 --- [    Test worker] s.w.s.m.m.a.RequestMappingHandlerMapping : Mapped to com.fastcampus.adminproject.controller.ArticleManagementController#article(Long)
2024-03-06 22:53:09.491 DEBUG 9924 --- [    Test worker] m.m.a.RequestResponseBodyMethodProcessor : Using 'application/json', given [*/*] and supported [application/json, application/*+json, application/json, application/*+json]
2024-03-06 22:53:09.502 DEBUG 9924 --- [    Test worker] m.m.a.RequestResponseBodyMethodProcessor : Writing [ArticleResponse[id=1, userAccount=UserAccountDto[userId=unoTest, email=uno-test@email.com, nickname= (truncated)...]
]]></system-out>
  <system-err><![CDATA[]]></system-err>
</testsuite>
