<?xml version="1.0" encoding="UTF-8"?>
<testsuite name="DTO - Kakao OAuth 2.0 인증 응답 데이터 테스트" tests="1" skipped="0" failures="0" errors="0" timestamp="2024-03-06T13:53:14" hostname="DESKTOP-CFTF9U4" time="0.141">
  <properties/>
  <testcase name="인증 결과를 Map(deserialized json)으로 받으면, 카카오 인증 응답 객체로 변환한다." classname="com.fastcampus.adminproject.dto.security.KakaoOAuth2ResponseTest" time="0.141"/>
  <system-out><![CDATA[]]></system-out>
  <system-err><![CDATA[]]></system-err>
</testsuite>
