<?xml version="1.0" encoding="UTF-8"?>
<testsuite name="비즈니스 로직 - 어드민 회원" tests="4" skipped="0" failures="0" errors="0" timestamp="2024-03-06T13:53:16" hostname="DESKTOP-CFTF9U4" time="0.217">
  <properties/>
  <testcase name="전체 어드민 회원을 조회한다." classname="com.fastcampus.adminproject.service.AdminAccountServiceTest" time="0.197"/>
  <testcase name="회원 ID를 입력하면, 회원을 삭제한다." classname="com.fastcampus.adminproject.service.AdminAccountServiceTest" time="0.003"/>
  <testcase name="존재하지 않는 회원 ID를 검색하면, 비어있는 Optional을 반환한다." classname="com.fastcampus.adminproject.service.AdminAccountServiceTest" time="0.006"/>
  <testcase name="회원 정보를 입력하면, 새로운 회원 정보를 저장하여 가입시키고 해당 회원 데이터를 리턴한다." classname="com.fastcampus.adminproject.service.AdminAccountServiceTest" time="0.009"/>
  <system-out><![CDATA[]]></system-out>
  <system-err><![CDATA[]]></system-err>
</testsuite>
