<?xml version="1.0" encoding="UTF-8"?>
<testsuite name="컨트롤러 - 댓글 관리" tests="3" skipped="0" failures="0" errors="0" timestamp="2024-03-06T13:53:06" hostname="DESKTOP-CFTF9U4" time="0.339">
  <properties/>
  <testcase name="[view][GET] 댓글 관리 페이지 - 정상 호출" classname="com.fastcampus.adminproject.controller.ArticleCommentManagementControllerTest" time="0.132"/>
  <testcase name="[view][POST] 댓글 삭제 - 정상 호출" classname="com.fastcampus.adminproject.controller.ArticleCommentManagementControllerTest" time="0.021"/>
  <testcase name="[data][GET] 댓글 1개 - 정상 호출" classname="com.fastcampus.adminproject.controller.ArticleCommentManagementControllerTest" time="0.18"/>
  <system-out><![CDATA[2024-03-06 22:53:01.803  INFO 9924 --- [    Test worker] .b.t.a.w.s.WebMvcTestContextBootstrapper : Neither @ContextConfiguration nor @ContextHierarchy found for test class [com.fastcampus.adminproject.controller.ArticleCommentManagementControllerTest], using SpringBootContextLoader
2024-03-06 22:53:01.805  INFO 9924 --- [    Test worker] o.s.t.c.support.AbstractContextLoader    : Could not detect default resource locations for test class [com.fastcampus.adminproject.controller.ArticleCommentManagementControllerTest]: no resource found for suffixes {-context.xml, Context.groovy}.
2024-03-06 22:53:01.806  INFO 9924 --- [    Test worker] t.c.s.AnnotationConfigContextLoaderUtils : Could not detect default configuration classes for test class [com.fastcampus.adminproject.controller.ArticleCommentManagementControllerTest]: ArticleCommentManagementControllerTest does not declare any static, non-private, non-final, nested classes annotated with @Configuration.
2024-03-06 22:53:01.819  INFO 9924 --- [    Test worker] .b.t.c.SpringBootTestContextBootstrapper : Found @SpringBootConfiguration com.fastcampus.adminproject.FastcampusAdminProjectApplication for test class com.fastcampus.adminproject.controller.ArticleCommentManagementControllerTest
2024-03-06 22:53:01.821  INFO 9924 --- [    Test worker] .b.t.a.w.s.WebMvcTestContextBootstrapper : Loaded default TestExecutionListener class names from location [META-INF/spring.factories]: [org.springframework.security.test.context.support.WithSecurityContextTestExecutionListener, org.springframework.security.test.context.support.ReactorContextTestExecutionListener, org.springframework.boot.test.autoconfigure.restdocs.RestDocsTestExecutionListener, org.springframework.boot.test.autoconfigure.web.client.MockRestServiceServerResetTestExecutionListener, org.springframework.boot.test.autoconfigure.web.servlet.MockMvcPrintOnlyOnFailureTestExecutionListener, org.springframework.boot.test.autoconfigure.web.servlet.WebDriverTestExecutionListener, org.springframework.boot.test.autoconfigure.webservices.client.MockWebServiceServerTestExecutionListener, org.springframework.boot.test.mock.mockito.MockitoTestExecutionListener, org.springframework.boot.test.mock.mockito.ResetMocksTestExecutionListener, org.springframework.test.context.web.ServletTestExecutionListener, org.springframework.test.context.support.DirtiesContextBeforeModesTestExecutionListener, org.springframework.test.context.event.ApplicationEventsTestExecutionListener, org.springframework.test.context.support.DependencyInjectionTestExecutionListener, org.springframework.test.context.support.DirtiesContextTestExecutionListener, org.springframework.test.context.transaction.TransactionalTestExecutionListener, org.springframework.test.context.jdbc.SqlScriptsTestExecutionListener, org.springframework.test.context.event.EventPublishingTestExecutionListener]
2024-03-06 22:53:01.823  INFO 9924 --- [    Test worker] .b.t.a.w.s.WebMvcTestContextBootstrapper : Using TestExecutionListeners: [org.springframework.test.context.web.ServletTestExecutionListener@423ddfe1, org.springframework.test.context.support.DirtiesContextBeforeModesTestExecutionListener@5572be5a, org.springframework.test.context.event.ApplicationEventsTestExecutionListener@124ba047, org.springframework.boot.test.mock.mockito.MockitoTestExecutionListener@700b9a54, org.springframework.boot.test.autoconfigure.SpringBootDependencyInjectionTestExecutionListener@5c658163, org.springframework.test.context.support.DirtiesContextTestExecutionListener@1ca574db, org.springframework.test.context.transaction.TransactionalTestExecutionListener@5323b690, org.springframework.test.context.jdbc.SqlScriptsTestExecutionListener@7fd65f9a, org.springframework.security.test.context.support.WithSecurityContextTestExecutionListener@f48a79a, org.springframework.test.context.event.EventPublishingTestExecutionListener@38fc1904, org.springframework.security.test.context.support.ReactorContextTestExecutionListener@7625bfbd, org.springframework.boot.test.autoconfigure.restdocs.RestDocsTestExecutionListener@3bc2146c, org.springframework.boot.test.autoconfigure.web.client.MockRestServiceServerResetTestExecutionListener@717c00f9, org.springframework.boot.test.autoconfigure.web.servlet.MockMvcPrintOnlyOnFailureTestExecutionListener@299003eb, org.springframework.boot.test.autoconfigure.web.servlet.WebDriverTestExecutionListener@72139933, org.springframework.boot.test.autoconfigure.webservices.client.MockWebServiceServerTestExecutionListener@59d99269, org.springframework.boot.test.mock.mockito.ResetMocksTestExecutionListener@48332a63]

  .   ____          _            __ _ _
 /\\ / ___'_ __ _ _(_)_ __  __ _ \ \ \ \
( ( )\___ | '_ | '_| | '_ \/ _` | \ \ \ \
 \\/  ___)| |_)| | | | | || (_| |  ) ) ) )
  '  |____| .__|_| |_|_| |_\__, | / / / /
 =========|_|==============|___/=/_/_/_/
 :: Spring Boot ::               (v2.7.14)

2024-03-06 22:53:01.920  INFO 9924 --- [    Test worker] c.ArticleCommentManagementControllerTest : Starting ArticleCommentManagementControllerTest using Java 17.0.8 on DESKTOP-CFTF9U4 with PID 9924 (started by UserK in C:\project\github\FastCampus-SpringBoot\fastcampus-board-admin-project\board-admin-porject\fastcampus-admin-project)
2024-03-06 22:53:01.921 DEBUG 9924 --- [    Test worker] c.ArticleCommentManagementControllerTest : Running with Spring Boot v2.7.14, Spring v5.3.29
2024-03-06 22:53:01.921  INFO 9924 --- [    Test worker] c.ArticleCommentManagementControllerTest : No active profile set, falling back to 1 default profile: "default"
2024-03-06 22:53:03.615 DEBUG 9924 --- [    Test worker] s.w.s.m.m.a.RequestMappingHandlerMapping : 5 mappings in 'requestMappingHandlerMapping'
2024-03-06 22:53:04.790 DEBUG 9924 --- [    Test worker] o.s.w.s.handler.SimpleUrlHandlerMapping  : Patterns [/webjars/**, /**] in 'resourceHandlerMapping'
2024-03-06 22:53:05.276  INFO 9924 --- [    Test worker] o.s.s.web.DefaultSecurityFilterChain     : Will secure any request with [org.springframework.security.web.session.DisableEncodeUrlFilter@2627da4c, org.springframework.security.web.context.request.async.WebAsyncManagerIntegrationFilter@7f9f3516, org.springframework.security.web.context.SecurityContextPersistenceFilter@71590f85, org.springframework.security.web.header.HeaderWriterFilter@4db8b888, org.springframework.security.web.csrf.CsrfFilter@6846e4e8, org.springframework.security.web.authentication.logout.LogoutFilter@a632ae0, org.springframework.security.oauth2.client.web.OAuth2AuthorizationRequestRedirectFilter@4796ae58, org.springframework.security.oauth2.client.web.OAuth2LoginAuthenticationFilter@7d24def, org.springframework.security.web.authentication.UsernamePasswordAuthenticationFilter@54b1ba04, org.springframework.security.web.authentication.ui.DefaultLoginPageGeneratingFilter@189e986f, org.springframework.security.web.authentication.ui.DefaultLogoutPageGeneratingFilter@d89b0d3, org.springframework.security.web.savedrequest.RequestCacheAwareFilter@6565f3, org.springframework.security.web.servletapi.SecurityContextHolderAwareRequestFilter@891f18f, org.springframework.security.web.authentication.AnonymousAuthenticationFilter@18a129b8, org.springframework.security.web.session.SessionManagementFilter@2e67df05, org.springframework.security.web.access.ExceptionTranslationFilter@41861964, org.springframework.security.web.access.intercept.AuthorizationFilter@61c8139a]
2024-03-06 22:53:05.608 DEBUG 9924 --- [    Test worker] s.w.s.m.m.a.RequestMappingHandlerAdapter : ControllerAdvice beans: 1 @ModelAttribute, 0 @InitBinder, 1 RequestBodyAdvice, 1 ResponseBodyAdvice
2024-03-06 22:53:05.665 DEBUG 9924 --- [    Test worker] .m.m.a.ExceptionHandlerExceptionResolver : ControllerAdvice beans: 0 @ExceptionHandler, 1 ResponseBodyAdvice
2024-03-06 22:53:06.102  INFO 9924 --- [    Test worker] o.s.b.t.m.w.SpringBootMockServletContext : Initializing Spring TestDispatcherServlet ''
2024-03-06 22:53:06.102  INFO 9924 --- [    Test worker] o.s.t.web.servlet.TestDispatcherServlet  : Initializing Servlet ''
2024-03-06 22:53:06.103  INFO 9924 --- [    Test worker] o.s.t.web.servlet.TestDispatcherServlet  : Completed initialization in 1 ms
2024-03-06 22:53:06.133  INFO 9924 --- [    Test worker] c.ArticleCommentManagementControllerTest : Started ArticleCommentManagementControllerTest in 4.305 seconds (JVM running for 84.118)
2024-03-06 22:53:06.157 DEBUG 9924 --- [    Test worker] s.w.s.m.m.a.RequestMappingHandlerMapping : Mapped to com.fastcampus.adminproject.controller.ArticleCommentManagementController#articleComments(Model)
2024-03-06 22:53:06.186 DEBUG 9924 --- [    Test worker] o.s.w.s.v.ContentNegotiatingViewResolver : Selected '*/*' given [*/*]
2024-03-06 22:53:06.283 DEBUG 9924 --- [    Test worker] s.w.s.m.m.a.RequestMappingHandlerMapping : Mapped to com.fastcampus.adminproject.controller.ArticleCommentManagementController#deleteArticleComment(Long)
2024-03-06 22:53:06.283 DEBUG 9924 --- [    Test worker] s.w.s.m.m.a.RequestMappingHandlerMapping : Mapped to com.fastcampus.adminproject.controller.ArticleCommentManagementController#deleteArticleComment(Long)
2024-03-06 22:53:06.289 DEBUG 9924 --- [    Test worker] o.s.web.servlet.view.RedirectView        : View name 'redirect:', model {}
2024-03-06 22:53:06.306 DEBUG 9924 --- [    Test worker] s.w.s.m.m.a.RequestMappingHandlerMapping : Mapped to com.fastcampus.adminproject.controller.ArticleCommentManagementController#articleComment(Long)
2024-03-06 22:53:06.319 DEBUG 9924 --- [    Test worker] m.m.a.RequestResponseBodyMethodProcessor : Using 'application/json', given [*/*] and supported [application/json, application/*+json, application/json, application/*+json]
2024-03-06 22:53:06.339 DEBUG 9924 --- [    Test worker] m.m.a.RequestResponseBodyMethodProcessor : Writing [ArticleCommentResponse[id=1, userAccount=UserAccountDto[userId=unoTest, email=uno-test@email.com, ni (truncated)...]
]]></system-out>
  <system-err><![CDATA[]]></system-err>
</testsuite>
